

Microchip Technology PIC18 LITE Macro Assembler V1.33 build 59893 
                                                                                               Wed Nov 12 22:45:06 2014

Microchip Technology Omniscient Code Generator (Lite mode) build 59893
     1                           	processor	18F2550
     2                           	fnconf	rparam,??,?,0
     3                           	opt	pw 120
     4                           	opt	lm
     5                           	psect	text0,global,reloc=2,class=CODE,delta=1
     6                           	psect	cinit,global,reloc=2,class=CODE,delta=1
     7                           	psect	cstackCOMRAM,global,class=COMRAM,space=1,delta=1
     8                           	psect	text1,global,reloc=2,class=CODE,delta=1
     9                           	psect	intsave_regs,global,class=BIGRAM,space=1,delta=1
    10                           	psect	rparam,global,class=COMRAM,space=1,delta=1
    11  0000                     _ADCON1	set	4033
    12  0000                     _CMCON	set	4020
    13  0000                     _INTCON	set	4082
    14  0000                     _PIE1bits	set	3997
    15  0000                     _PORTA	set	3968
    16  0000                     _PORTB	set	3969
    17  0000                     _PORTBbits	set	3969
    18  0000                     _PORTC	set	3970
    19  0000                     _TRISA	set	3986
    20  0000                     _TRISB	set	3987
    21  0000                     _TRISC	set	3988
    22                           
    23                           ; 0 bytes @ 0x0
    24 ;;
    25 ;;Main: autosize = 0, tempsize = 0, incstack = 0, save=0
    26 ;;
    27 ;; *************** function _main *****************
    28 ;; Defined at:
    29 ;;		line 17 in file "main.c"
    30 ;; Parameters:    Size  Location     Type
    31 ;;		None
    32 ;; Auto vars:     Size  Location     Type
    33 ;;		None
    34 ;; Return value:  Size  Location     Type
    35 ;;		None               void
    36 ;; Registers used:
    37 ;;		wreg, status,2, cstack
    38 ;; Tracked objects:
    39 ;;		On entry : 0/0
    40 ;;		On exit  : 0/0
    41 ;;		Unchanged: 0/0
    42 ;; Data sizes:     COMRAM   BANK0   BANK1   BANK2   BANK3   BANK4   BANK5   BANK6   BANK7
    43 ;;      Params:         0       0       0       0       0       0       0       0       0
    44 ;;      Locals:         0       0       0       0       0       0       0       0       0
    45 ;;      Temps:          0       0       0       0       0       0       0       0       0
    46 ;;      Totals:         0       0       0       0       0       0       0       0       0
    47 ;;Total ram usage:        0 bytes
    48 ;; Hardware stack levels required when called:    1
    49 ;; This function calls:
    50 ;;		_initChip
    51 ;; This function is called by:
    52 ;;		Startup code after reset
    53 ;; This function uses a non-reentrant model
    54 ;;
    55                           
    56                           	psect	text0
    57  007FCE                     __ptext0:
    58                           	opt stack 0
    59  007FCE                     _main:
    60                           	opt stack 30
    61                           
    62                           ;main.c: 19: initChip();
    63                           
    64                           ;incstack = 0
    65  007FCE  ECEC  F03F         	call	_initChip	;wreg free
    66  007FD2                     l613:
    67                           
    68                           ;main.c: 21: {
    69                           ;main.c: 22: PORTBbits.RB0 = 1;
    70  007FD2  8081               	bsf	3969,0,c	;volatile
    71                           
    72                           ;main.c: 23: PORTBbits.RB1 = 1;
    73  007FD4  8281               	bsf	3969,1,c	;volatile
    74  007FD6  D7FD               	goto	l613
    75  007FD8                     __end_of_main:
    76                           	opt stack 0
    77                           
    78                           	psect	cinit
    79  007FC8                     __pcinit:
    80                           	opt stack 0
    81  007FC8                     start_initialization:
    82                           	opt stack 0
    83  007FC8                     __initialization:
    84                           	opt stack 0
    85  007FC8                     end_of_initialization:
    86                           	opt stack 0
    87  007FC8                     __end_of__initialization:
    88                           	opt stack 0
    89  007FC8  0100               	movlb	0
    90  007FCA  EFE7  F03F         	goto	_main	;jump to C main() function
    91                           
    92                           	psect	cstackCOMRAM
    93  000000                     __pcstackCOMRAM:
    94                           	opt stack 0
    95  000000                     
    96 ;; *************** function _initChip *****************
    97 ;; Defined at:
    98 ;;		line 3 in file "main.c"
    99 ;; Parameters:    Size  Location     Type
   100 ;;		None
   101 ;; Auto vars:     Size  Location     Type
   102 ;;		None
   103 ;; Return value:  Size  Location     Type
   104 ;;		None               void
   105 ;; Registers used:
   106 ;;		wreg, status,2
   107 ;; Tracked objects:
   108 ;;		On entry : 0/0
   109 ;;		On exit  : 0/0
   110 ;;		Unchanged: 0/0
   111 ;; Data sizes:     COMRAM   BANK0   BANK1   BANK2   BANK3   BANK4   BANK5   BANK6   BANK7
   112 ;;      Params:         0       0       0       0       0       0       0       0       0
   113 ;;      Locals:         0       0       0       0       0       0       0       0       0
   114 ;;      Temps:          0       0       0       0       0       0       0       0       0
   115 ;;      Totals:         0       0       0       0       0       0       0       0       0
   116 ;;Total ram usage:        0 bytes
   117 ;; Hardware stack levels used:    1
   118 ;; This function calls:
   119 ;;		Nothing
   120 ;; This function is called by:
   121 ;;		_main
   122 ;; This function uses a non-reentrant model
   123 ;;
   124                           
   125                           	psect	text1
   126  007FD8                     __ptext1:
   127                           	opt stack 0
   128  007FD8                     _initChip:
   129                           	opt stack 30
   130                           
   131                           ;main.c: 4: PORTA = 0x00;
   132                           
   133                           ;incstack = 0
   134  007FD8  0E00               	movlw	0
   135  007FDA  6E80               	movwf	3968,c	;volatile
   136                           
   137                           ;main.c: 5: TRISA = 0x00;
   138  007FDC  0E00               	movlw	0
   139  007FDE  6E92               	movwf	3986,c	;volatile
   140                           
   141                           ;main.c: 6: ADCON1 =0x0F;
   142  007FE0  0E0F               	movlw	15
   143  007FE2  6EC1               	movwf	4033,c	;volatile
   144                           
   145                           ;main.c: 7: CMCON = 0x07;
   146  007FE4  0E07               	movlw	7
   147  007FE6  6EB4               	movwf	4020,c	;volatile
   148                           
   149                           ;main.c: 8: PORTB = 0x00;
   150  007FE8  0E00               	movlw	0
   151  007FEA  6E81               	movwf	3969,c	;volatile
   152                           
   153                           ;main.c: 9: TRISB = 0x00;
   154  007FEC  0E00               	movlw	0
   155  007FEE  6E93               	movwf	3987,c	;volatile
   156                           
   157                           ;main.c: 10: PORTC = 0x00;
   158  007FF0  0E00               	movlw	0
   159  007FF2  6E82               	movwf	3970,c	;volatile
   160                           
   161                           ;main.c: 11: TRISC = 0x00;
   162  007FF4  0E00               	movlw	0
   163  007FF6  6E94               	movwf	3988,c	;volatile
   164                           
   165                           ;main.c: 12: INTCON = 0xC0;
   166  007FF8  0EC0               	movlw	192
   167  007FFA  6EF2               	movwf	intcon,c	;volatile
   168                           
   169                           ;main.c: 13: PIE1bits.ADIE = 1;
   170  007FFC  8C9D               	bsf	3997,6,c	;volatile
   171  007FFE  0012               	return	
   172  008000                     __end_of_initChip:
   173                           	opt stack 0
   174  0000                     intcon	equ	0xFF2
   175                           intcon	equ	0xFF2
   176                           
   177                           	psect	rparam
   178  0000                     intcon	equ	0xFF2


Data Sizes:
    Strings     0
    Constant    0
    Data        0
    BSS         0
    Persistent  0
    Stack       0

Auto Spaces:
    Space          Size  Autos    Used
    COMRAM           95      0       0
    BANK0           160      0       0
    BANK1           256      0       0
    BANK2           256      0       0
    BANK3           256      0       0
    BANK4           256      0       0
    BANK5           256      0       0
    BANK6           256      0       0
    BANK7           256      0       0

Pointer List with Targets:

    None.

Critical Paths under _main in COMRAM

    None.

Critical Paths under _main in BANK0

    None.

Critical Paths under _main in BANK1

    None.

Critical Paths under _main in BANK2

    None.

Critical Paths under _main in BANK3

    None.

Critical Paths under _main in BANK4

    None.

Critical Paths under _main in BANK5

    None.

Critical Paths under _main in BANK6

    None.

Critical Paths under _main in BANK7

    None.

Call Graph Tables:

 ---------------------------------------------------------------------------------
 (Depth) Function   	        Calls       Base Space   Used Autos Params    Refs
 ---------------------------------------------------------------------------------
 (0) _main                                                 0     0      0       0
                           _initChip
 ---------------------------------------------------------------------------------
 (1) _initChip                                             0     0      0       0
 ---------------------------------------------------------------------------------
 Estimated maximum stack depth 1
 ---------------------------------------------------------------------------------

 Call Graph Graphs:

 _main (ROOT)
   _initChip

 Address spaces:
Name               Size   Autos  Total    Cost      Usage
BITCOMRAM           5F      0       0       0        0.0%
EEDATA             100      0       0       0        0.0%
NULL                 0      0       0       0        0.0%
CODE                 0      0       0       0        0.0%
COMRAM              5F      0       0       1        0.0%
STACK                0      0       0       2        0.0%
DATA                 0      0       0       3        0.0%
BITBANK0            A0      0       0       4        0.0%
BANK0               A0      0       0       5        0.0%
BITBANK1           100      0       0       6        0.0%
BANK1              100      0       0       7        0.0%
BITBANK2           100      0       0       8        0.0%
BANK2              100      0       0       9        0.0%
BITBANK3           100      0       0      10        0.0%
BANK3              100      0       0      11        0.0%
BITBANK4           100      0       0      12        0.0%
BANK4              100      0       0      13        0.0%
BITBANK5           100      0       0      14        0.0%
BANK5              100      0       0      15        0.0%
BITBANK6           100      0       0      16        0.0%
BANK6              100      0       0      17        0.0%
BITBANK7           100      0       0      18        0.0%
BANK7              100      0       0      19        0.0%
ABS                  0      0       0      20        0.0%
BIGRAM             7FF      0       0      21        0.0%
BITSFR               0      0       0      40        0.0%
SFR                  0      0       0      40        0.0%


Microchip Technology PIC18 Macro Assembler V1.33 build 59893 
Symbol Table                                                                                   Wed Nov 12 22:45:06 2014

                    l613 7FD2                     _main 7FCE                     start 0000  
                  ?_main 0000                    _CMCON 000FB4                    _PORTA 000F80  
                  _PORTB 000F81                    _PORTC 000F82                    _TRISA 000F92  
                  _TRISB 000F93                    _TRISC 000F94          __initialization 7FC8  
           __end_of_main 7FD8                   ??_main 0000            __activetblptr 000000  
                 _ADCON1 000FC1                   _INTCON 000FF2         __end_of_initChip 8000  
             __accesstop 0060  __end_of__initialization 7FC8           __pcstackCOMRAM 0000  
              ?_initChip 0000                  __Hparam 0000                  __Lparam 0000  
                __pcinit 7FC8                  __ramtop 0800                  __ptext0 7FCE  
                __ptext1 7FD8     end_of_initialization 7FC8               ??_initChip 0000  
              _PORTBbits 000F81      start_initialization 7FC8        __size_of_initChip 0028  
               _PIE1bits 000F9D                 __Hrparam 0000                 __Lrparam 0000  
               _initChip 7FD8            __size_of_main 000A  
