

Microchip Technology PIC18 LITE Macro Assembler V1.33 build 59893 
                                                                                               Mon Oct 13 17:34:52 2014

Microchip Technology Omniscient Code Generator (Lite mode) build 59893
     1                           	processor	18F2550
     2                           	fnconf	rparam,??,?,0
     3                           	opt	pw 120
     4                           	opt	lm
     5                           	psect	mediumconst,global,reloc=2,class=MEDIUMCONST,delta=1
     6                           	psect	cinit,global,reloc=2,class=CODE,delta=1
     7                           	psect	bssCOMRAM,global,class=COMRAM,space=1,delta=1
     8                           	psect	cstackCOMRAM,global,class=COMRAM,space=1,delta=1
     9                           	psect	text0,global,reloc=2,class=CODE,delta=1
    10                           	psect	text1,global,reloc=2,class=CODE,delta=1
    11                           	psect	text2,global,reloc=2,class=CODE,delta=1
    12                           	psect	intsave_regs,global,class=BIGRAM,space=1,delta=1
    13                           	psect	rparam,global,class=COMRAM,space=1,delta=1
    14  0000                     
    15                           	psect	mediumconst
    16  007DFE                     __pmediumconst:
    17                           	opt stack 0
    18  007DFE  00                 	db	0
    19  007DFF                     _values1:
    20                           	opt stack 0
    21  007DFF  08                 	db	8
    22  007E00  00                 	db	0
    23  007E01  15                 	db	21
    24  007E02  24                 	db	36
    25  007E03  00                 	db	0
    26  007E04  06                 	db	6
    27  007E05  38                 	db	56
    28  007E06  00                 	db	0
    29  007E07  00                 	db	0
    30  007E08  49                 	db	73
    31  007E09  30                 	db	48
    32  007E0A  00                 	db	0
    33  007E0B  17                 	db	23
    34  007E0C  15                 	db	21
    35  007E0D  35                 	db	53
    36  007E0E  0D                 	db	13
    37  007E0F  08                 	db	8
    38  007E10  00                 	db	0
    39  007E11  24                 	db	36
    40  007E12  40                 	db	64
    41  007E13  2B                 	db	43
    42  007E14  4D                 	db	77
    43  007E15  4E                 	db	78
    44  007E16  10                 	db	16
    45  007E17  53                 	db	83
    46  007E18  00                 	db	0
    47  007E19  00                 	db	0
    48  007E1A  24                 	db	36
    49  007E1B  19                 	db	25
    50  007E1C  00                 	db	0
    51  007E1D  4D                 	db	77
    52  007E1E  3F                 	db	63
    53  007E1F  00                 	db	0
    54  007E20  1D                 	db	29
    55  007E21  00                 	db	0
    56  007E22  4B                 	db	75
    57  007E23  00                 	db	0
    58  007E24  24                 	db	36
    59  007E25  00                 	db	0
    60  007E26  13                 	db	19
    61  007E27  0A                 	db	10
    62  007E28  65                 	db	101
    63  007E29  00                 	db	0
    64  007E2A  00                 	db	0
    65  007E2B  66                 	db	102
    66  007E2C  3E                 	db	62
    67  007E2D  10                 	db	16
    68  007E2E  60                 	db	96
    69  007E2F  68                 	db	104
    70  007E30  5E                 	db	94
    71  007E31  30                 	db	48
    72  007E32  19                 	db	25
    73  007E33  47                 	db	71
    74  007E34  69                 	db	105
    75  007E35  16                 	db	22
    76  007E36  56                 	db	86
    77  007E37  01                 	db	1
    78  007E38  1C                 	db	28
    79  007E39  00                 	db	0
    80  007E3A  1C                 	db	28
    81  007E3B  06                 	db	6
    82  007E3C  07                 	db	7
    83  007E3D  2D                 	db	45
    84  007E3E  29                 	db	41
    85  007E3F  24                 	db	36
    86  007E40  04                 	db	4
    87  007E41  2A                 	db	42
    88  007E42  0E                 	db	14
    89  007E43  05                 	db	5
    90  007E44  6C                 	db	108
    91  007E45  26                 	db	38
    92  007E46  72                 	db	114
    93  007E47  32                 	db	50
    94  007E48  5D                 	db	93
    95  007E49  77                 	db	119
    96  007E4A  4F                 	db	79
    97  007E4B  51                 	db	81
    98  007E4C  8C                 	db	140
    99  007E4D  38                 	db	56
   100  007E4E  29                 	db	41
   101  007E4F  1B                 	db	27
   102  007E50  29                 	db	41
   103  007E51  35                 	db	53
   104  007E52  7A                 	db	122
   105  007E53  67                 	db	103
   106  007E54  36                 	db	54
   107  007E55  41                 	db	65
   108  007E56  51                 	db	81
   109  007E57  67                 	db	103
   110  007E58  61                 	db	97
   111  007E59  50                 	db	80
   112  007E5A  79                 	db	121
   113  007E5B  1F                 	db	31
   114  007E5C  66                 	db	102
   115  007E5D  74                 	db	116
   116  007E5E  84                 	db	132
   117  007E5F  51                 	db	81
   118  007E60  9E                 	db	158
   119  007E61  40                 	db	64
   120  007E62  3C                 	db	60
   121  007E63  81                 	db	129
   122  007E64  91                 	db	145
   123  007E65  41                 	db	65
   124  007E66  96                 	db	150
   125  007E67  2C                 	db	44
   126  007E68  90                 	db	144
   127  007E69  6D                 	db	109
   128  007E6A  52                 	db	82
   129  007E6B  A6                 	db	166
   130  007E6C  66                 	db	102
   131  007E6D  AD                 	db	173
   132  007E6E  67                 	db	103
   133  007E6F  83                 	db	131
   134  007E70  74                 	db	116
   135  007E71  96                 	db	150
   136  007E72  99                 	db	153
   137  007E73  AF                 	db	175
   138  007E74  AC                 	db	172
   139  007E75  5B                 	db	91
   140  007E76  63                 	db	99
   141  007E77  9D                 	db	157
   142  007E78  4A                 	db	74
   143  007E79  B4                 	db	180
   144  007E7A  8B                 	db	139
   145  007E7B  96                 	db	150
   146  007E7C  57                 	db	87
   147  007E7D  8F                 	db	143
   148  007E7E  AF                 	db	175
   149  007E7F  54                 	db	84
   150  007E80  B9                 	db	185
   151  007E81  7B                 	db	123
   152  007E82  7A                 	db	122
   153  007E83  A5                 	db	165
   154  007E84  73                 	db	115
   155  007E85  B4                 	db	180
   156  007E86  9A                 	db	154
   157  007E87  93                 	db	147
   158  007E88  C6                 	db	198
   159  007E89  BF                 	db	191
   160  007E8A  88                 	db	136
   161  007E8B  86                 	db	134
   162  007E8C  9E                 	db	158
   163  007E8D  76                 	db	118
   164  007E8E  63                 	db	99
   165  007E8F  6D                 	db	109
   166  007E90  A4                 	db	164
   167  007E91  CB                 	db	203
   168  007E92  A5                 	db	165
   169  007E93  B1                 	db	177
   170  007E94  8A                 	db	138
   171  007E95  85                 	db	133
   172  007E96  61                 	db	97
   173  007E97  6E                 	db	110
   174  007E98  85                 	db	133
   175  007E99  D9                 	db	217
   176  007E9A  C2                 	db	194
   177  007E9B  C2                 	db	194
   178  007E9C  7A                 	db	122
   179  007E9D  93                 	db	147
   180  007E9E  CA                 	db	202
   181  007E9F  CF                 	db	207
   182  007EA0  A1                 	db	161
   183  007EA1  88                 	db	136
   184  007EA2  C6                 	db	198
   185  007EA3  A8                 	db	168
   186  007EA4  71                 	db	113
   187  007EA5  A0                 	db	160
   188  007EA6  6B                 	db	107
   189  007EA7  77                 	db	119
   190  007EA8  D9                 	db	217
   191  007EA9  9E                 	db	158
   192  007EAA  B6                 	db	182
   193  007EAB  85                 	db	133
   194  007EAC  B6                 	db	182
   195  007EAD  73                 	db	115
   196  007EAE  EB                 	db	235
   197  007EAF  D7                 	db	215
   198  007EB0  EF                 	db	239
   199  007EB1  97                 	db	151
   200  007EB2  C7                 	db	199
   201  007EB3  F0                 	db	240
   202  007EB4  ED                 	db	237
   203  007EB5  E2                 	db	226
   204  007EB6  C5                 	db	197
   205  007EB7  E0                 	db	224
   206  007EB8  B9                 	db	185
   207  007EB9  DE                 	db	222
   208  007EBA  87                 	db	135
   209  007EBB  CC                 	db	204
   210  007EBC  9F                 	db	159
   211  007EBD  BE                 	db	190
   212  007EBE  85                 	db	133
   213  007EBF  CA                 	db	202
   214  007EC0  FF                 	db	255
   215  007EC1  9D                 	db	157
   216  007EC2  B6                 	db	182
   217  007EC3  91                 	db	145
   218  007EC4  F5                 	db	245
   219  007EC5  EC                 	db	236
   220  007EC6  B1                 	db	177
   221  007EC7  9D                 	db	157
   222  007EC8  FB                 	db	251
   223  007EC9  D6                 	db	214
   224  007ECA  FF                 	db	255
   225  007ECB  AD                 	db	173
   226  007ECC  91                 	db	145
   227  007ECD  AF                 	db	175
   228  007ECE  C3                 	db	195
   229  007ECF  93                 	db	147
   230  007ED0  9A                 	db	154
   231  007ED1  D1                 	db	209
   232  007ED2  FF                 	db	255
   233  007ED3  C1                 	db	193
   234  007ED4  B3                 	db	179
   235  007ED5  F3                 	db	243
   236  007ED6  AE                 	db	174
   237  007ED7  B2                 	db	178
   238  007ED8  F0                 	db	240
   239  007ED9  AF                 	db	175
   240  007EDA  B7                 	db	183
   241  007EDB  FF                 	db	255
   242  007EDC  B5                 	db	181
   243  007EDD  BA                 	db	186
   244  007EDE  A9                 	db	169
   245  007EDF  B1                 	db	177
   246  007EE0  A7                 	db	167
   247  007EE1  FC                 	db	252
   248  007EE2  FF                 	db	255
   249  007EE3  F7                 	db	247
   250  007EE4  DC                 	db	220
   251  007EE5  BC                 	db	188
   252  007EE6  F1                 	db	241
   253  007EE7  FF                 	db	255
   254  007EE8  E9                 	db	233
   255  007EE9  FF                 	db	255
   256  007EEA  DC                 	db	220
   257  007EEB  FF                 	db	255
   258  007EEC  FF                 	db	255
   259  007EED  E5                 	db	229
   260  007EEE  DE                 	db	222
   261  007EEF  FF                 	db	255
   262  007EF0  FF                 	db	255
   263  007EF1  FB                 	db	251
   264  007EF2  C7                 	db	199
   265  007EF3  FF                 	db	255
   266  007EF4  FF                 	db	255
   267  007EF5  FF                 	db	255
   268  007EF6  FF                 	db	255
   269  007EF7  FF                 	db	255
   270  007EF8  D5                 	db	213
   271  007EF9  D8                 	db	216
   272  007EFA  EC                 	db	236
   273  007EFB  F1                 	db	241
   274  007EFC  BD                 	db	189
   275  007EFD  FF                 	db	255
   276  007EFE  FF                 	db	255
   277  007EFF  D7                 	db	215
   278  007F00  D7                 	db	215
   279  007F01  EF                 	db	239
   280  007F02  FF                 	db	255
   281  007F03  C2                 	db	194
   282  007F04  BD                 	db	189
   283  007F05  CE                 	db	206
   284  007F06  FF                 	db	255
   285  007F07  FB                 	db	251
   286  007F08  D6                 	db	214
   287  007F09  FF                 	db	255
   288  007F0A  FF                 	db	255
   289  007F0B  FF                 	db	255
   290  007F0C  D1                 	db	209
   291  007F0D  C0                 	db	192
   292  007F0E  D2                 	db	210
   293  007F0F  FF                 	db	255
   294  007F10  FF                 	db	255
   295  007F11  FF                 	db	255
   296  007F12  B6                 	db	182
   297  007F13  E8                 	db	232
   298  007F14  FD                 	db	253
   299  007F15  CD                 	db	205
   300  007F16  BE                 	db	190
   301  007F17  FF                 	db	255
   302  007F18  C8                 	db	200
   303  007F19  ED                 	db	237
   304  007F1A  B8                 	db	184
   305  007F1B  FF                 	db	255
   306  007F1C  FF                 	db	255
   307  007F1D  E6                 	db	230
   308  007F1E  FF                 	db	255
   309  007F1F  E0                 	db	224
   310  007F20  C4                 	db	196
   311  007F21  D1                 	db	209
   312  007F22  D7                 	db	215
   313  007F23  F2                 	db	242
   314  007F24  E7                 	db	231
   315  007F25  B6                 	db	182
   316  007F26  ED                 	db	237
   317  007F27  9E                 	db	158
   318  007F28  E6                 	db	230
   319  007F29  F1                 	db	241
   320  007F2A  DE                 	db	222
   321  007F2B  B6                 	db	182
   322  007F2C  F3                 	db	243
   323  007F2D  A2                 	db	162
   324  007F2E  C4                 	db	196
   325  007F2F  E1                 	db	225
   326  007F30  A5                 	db	165
   327  007F31  E1                 	db	225
   328  007F32  A1                 	db	161
   329  007F33  E6                 	db	230
   330  007F34  B9                 	db	185
   331  007F35  BA                 	db	186
   332  007F36  FF                 	db	255
   333  007F37  C8                 	db	200
   334  007F38  CF                 	db	207
   335  007F39  F3                 	db	243
   336  007F3A  D3                 	db	211
   337  007F3B  CB                 	db	203
   338  007F3C  EC                 	db	236
   339  007F3D  CC                 	db	204
   340  007F3E  C9                 	db	201
   341  007F3F  D3                 	db	211
   342  007F40  AF                 	db	175
   343  007F41  91                 	db	145
   344  007F42  89                 	db	137
   345  007F43  F8                 	db	248
   346  007F44  85                 	db	133
   347  007F45  8E                 	db	142
   348  007F46  BD                 	db	189
   349  007F47  D0                 	db	208
   350  007F48  E2                 	db	226
   351  007F49  94                 	db	148
   352  007F4A  D2                 	db	210
   353  007F4B  A2                 	db	162
   354  007F4C  BC                 	db	188
   355  007F4D  AF                 	db	175
   356  007F4E  B0                 	db	176
   357  007F4F  7D                 	db	125
   358  007F50  C3                 	db	195
   359  007F51  B9                 	db	185
   360  007F52  99                 	db	153
   361  007F53  BE                 	db	190
   362  007F54  86                 	db	134
   363  007F55  8D                 	db	141
   364  007F56  91                 	db	145
   365  007F57  AE                 	db	174
   366  007F58  89                 	db	137
   367  007F59  D5                 	db	213
   368  007F5A  6C                 	db	108
   369  007F5B  DF                 	db	223
   370  007F5C  D3                 	db	211
   371  007F5D  DF                 	db	223
   372  007F5E  B6                 	db	182
   373  007F5F  D1                 	db	209
   374  007F60  9B                 	db	155
   375  007F61  68                 	db	104
   376  007F62  67                 	db	103
   377  007F63  D3                 	db	211
   378  007F64  85                 	db	133
   379  007F65  A0                 	db	160
   380  007F66  93                 	db	147
   381  007F67  88                 	db	136
   382  007F68  98                 	db	152
   383  007F69  91                 	db	145
   384  007F6A  C5                 	db	197
   385  007F6B  98                 	db	152
   386  007F6C  79                 	db	121
   387  007F6D  54                 	db	84
   388  007F6E  A5                 	db	165
   389  007F6F  64                 	db	100
   390  007F70  85                 	db	133
   391  007F71  54                 	db	84
   392  007F72  A0                 	db	160
   393  007F73  B7                 	db	183
   394  007F74  A6                 	db	166
   395  007F75  60                 	db	96
   396  007F76  69                 	db	105
   397  007F77  9C                 	db	156
   398  007F78  B8                 	db	184
   399  007F79  BF                 	db	191
   400  007F7A  89                 	db	137
   401  007F7B  4F                 	db	79
   402  007F7C  4C                 	db	76
   403  007F7D  95                 	db	149
   404  007F7E  6D                 	db	109
   405  007F7F  69                 	db	105
   406  007F80  53                 	db	83
   407  007F81  A4                 	db	164
   408  007F82  6A                 	db	106
   409  007F83  A0                 	db	160
   410  007F84  3D                 	db	61
   411  007F85  93                 	db	147
   412  007F86  A4                 	db	164
   413  007F87  46                 	db	70
   414  007F88  7E                 	db	126
   415  007F89  47                 	db	71
   416  007F8A  89                 	db	137
   417  007F8B  41                 	db	65
   418  007F8C  8B                 	db	139
   419  007F8D  63                 	db	99
   420  007F8E  6C                 	db	108
   421  007F8F  7E                 	db	126
   422  007F90  97                 	db	151
   423  007F91  35                 	db	53
   424  007F92  89                 	db	137
   425  007F93  AB                 	db	171
   426  007F94  3E                 	db	62
   427  007F95  2F                 	db	47
   428  007F96  74                 	db	116
   429  007F97  76                 	db	118
   430  007F98  A5                 	db	165
   431  007F99  55                 	db	85
   432  007F9A  5A                 	db	90
   433  007F9B  72                 	db	114
   434  007F9C  8E                 	db	142
   435  007F9D  69                 	db	105
   436  007F9E  7B                 	db	123
   437  007F9F  9A                 	db	154
   438  007FA0  3B                 	db	59
   439  007FA1  76                 	db	118
   440  007FA2  4A                 	db	74
   441  007FA3  94                 	db	148
   442  007FA4  37                 	db	55
   443  007FA5  85                 	db	133
   444  007FA6  92                 	db	146
   445  007FA7  91                 	db	145
   446  007FA8  4E                 	db	78
   447  007FA9  90                 	db	144
   448  007FAA  7D                 	db	125
   449  007FAB  64                 	db	100
   450  007FAC  69                 	db	105
   451  007FAD  38                 	db	56
   452  007FAE  34                 	db	52
   453  007FAF  2A                 	db	42
   454  007FB0  7E                 	db	126
   455  007FB1  81                 	db	129
   456  007FB2  86                 	db	134
   457  007FB3  84                 	db	132
   458  007FB4  0D                 	db	13
   459  007FB5  70                 	db	112
   460  007FB6  13                 	db	19
   461  007FB7  12                 	db	18
   462  007FB8  20                 	db	32
   463  007FB9  2C                 	db	44
   464  007FBA  6B                 	db	107
   465  007FBB  08                 	db	8
   466  007FBC  40                 	db	64
   467  007FBD  18                 	db	24
   468  007FBE  04                 	db	4
   469  007FBF  27                 	db	39
   470  007FC0  00                 	db	0
   471  007FC1  34                 	db	52
   472  007FC2  6A                 	db	106
   473  007FC3  28                 	db	40
   474  007FC4  20                 	db	32
   475  007FC5  69                 	db	105
   476  007FC6  0F                 	db	15
   477  007FC7  56                 	db	86
   478  007FC8  03                 	db	3
   479  007FC9  75                 	db	117
   480  007FCA  33                 	db	51
   481  007FCB  00                 	db	0
   482  007FCC  49                 	db	73
   483  007FCD  19                 	db	25
   484  007FCE  51                 	db	81
   485  007FCF  4A                 	db	74
   486  007FD0  63                 	db	99
   487  007FD1  00                 	db	0
   488  007FD2  6D                 	db	109
   489  007FD3  3E                 	db	62
   490  007FD4  54                 	db	84
   491  007FD5  13                 	db	19
   492  007FD6  59                 	db	89
   493  007FD7  34                 	db	52
   494  007FD8  5E                 	db	94
   495  007FD9  5A                 	db	90
   496  007FDA  5B                 	db	91
   497  007FDB  2D                 	db	45
   498  007FDC  37                 	db	55
   499  007FDD  45                 	db	69
   500  007FDE  4F                 	db	79
   501  007FDF  4E                 	db	78
   502  007FE0  4F                 	db	79
   503  007FE1  00                 	db	0
   504  007FE2  03                 	db	3
   505  007FE3  00                 	db	0
   506  007FE4  00                 	db	0
   507  007FE5  39                 	db	57
   508  007FE6  00                 	db	0
   509  007FE7  3B                 	db	59
   510  007FE8  24                 	db	36
   511  007FE9  20                 	db	32
   512  007FEA  00                 	db	0
   513  007FEB  05                 	db	5
   514  007FEC  00                 	db	0
   515  007FED  00                 	db	0
   516  007FEE  3A                 	db	58
   517  007FEF  00                 	db	0
   518  007FF0  1A                 	db	26
   519  007FF1  43                 	db	67
   520  007FF2  00                 	db	0
   521  007FF3  00                 	db	0
   522  007FF4  24                 	db	36
   523  007FF5  00                 	db	0
   524  007FF6  3D                 	db	61
   525  007FF7  00                 	db	0
   526  007FF8  33                 	db	51
   527  007FF9  00                 	db	0
   528  007FFA  05                 	db	5
   529  007FFB  00                 	db	0
   530  007FFC  00                 	db	0
   531  007FFD  03                 	db	3
   532  007FFE  1A                 	db	26
   533  007FFF                     __end_of_values1:
   534                           	opt stack 0
   535  0000                     _ADCON1	set	4033
   536  0000                     _CMCON	set	4020
   537  0000                     _PORTA	set	3968
   538  0000                     _PORTAbits	set	3968
   539  0000                     _PORTB	set	3969
   540  0000                     _PORTC	set	3970
   541  0000                     _TRISA	set	3986
   542  0000                     _TRISB	set	3987
   543  0000                     _TRISC	set	3988
   544  007FFF  00                 	db	0	; dummy byte at the end
   545  0000                     
   546                           ; #config settings
   547                           
   548                           	psect	cinit
   549  007BBE                     __pcinit:
   550                           	opt stack 0
   551  007BBE                     start_initialization:
   552                           	opt stack 0
   553  007BBE                     __initialization:
   554                           	opt stack 0
   555                           
   556                           ; Clear objects allocated to COMRAM (1 bytes)
   557  007BBE  6A1B               	clrf	__pbssCOMRAM& (0+255),c
   558  007BC0                     end_of_initialization:
   559                           	opt stack 0
   560  007BC0                     __end_of__initialization:
   561                           	opt stack 0
   562  007BC0  0E00               	movlw	low (__Lmediumconst shr (0+16))
   563  007BC2  6EF8               	movwf	tblptru,c
   564  007BC4  0100               	movlb	0
   565  007BC6  EF47  F03E         	goto	_main	;jump to C main() function
   566                           tblptru	equ	0xFF8
   567                           
   568                           	psect	bssCOMRAM
   569  00001B                     __pbssCOMRAM:
   570                           	opt stack 0
   571  00001B                     _temp:
   572                           	opt stack 0
   573  00001B                     	ds	1
   574                           tblptru	equ	0xFF8
   575                           
   576                           	psect	cstackCOMRAM
   577  000001                     __pcstackCOMRAM:
   578                           	opt stack 0
   579  000001                     ?___awdiv:
   580                           	opt stack 0
   581  000001                     ___awdiv@dividend:
   582                           	opt stack 0
   583                           
   584                           ; 2 bytes @ 0x0
   585  000001                     	ds	2
   586  000003                     ___awdiv@divisor:
   587                           	opt stack 0
   588                           
   589                           ; 2 bytes @ 0x2
   590  000003                     	ds	2
   591  000005                     ___awdiv@counter:
   592                           	opt stack 0
   593                           
   594                           ; 1 bytes @ 0x4
   595  000005                     	ds	1
   596  000006                     ___awdiv@sign:
   597                           	opt stack 0
   598                           
   599                           ; 1 bytes @ 0x5
   600  000006                     	ds	1
   601  000007                     ___awdiv@quotient:
   602                           	opt stack 0
   603                           
   604                           ; 2 bytes @ 0x6
   605  000007                     	ds	2
   606  000009                     ??_main:
   607                           
   608                           ; 0 bytes @ 0x8
   609  000009                     	ds	2
   610  00000B                     main@i_119:
   611                           	opt stack 0
   612                           
   613                           ; 2 bytes @ 0xA
   614  00000B                     	ds	2
   615  00000D                     main@j:
   616                           	opt stack 0
   617                           
   618                           ; 2 bytes @ 0xC
   619  00000D                     	ds	2
   620  00000F                     main@k:
   621                           	opt stack 0
   622                           
   623                           ; 2 bytes @ 0xE
   624  00000F                     	ds	2
   625  000011                     main@k_121:
   626                           	opt stack 0
   627                           
   628                           ; 2 bytes @ 0x10
   629  000011                     	ds	2
   630  000013                     main@l:
   631                           	opt stack 0
   632                           
   633                           ; 2 bytes @ 0x12
   634  000013                     	ds	2
   635  000015                     main@i_123:
   636                           	opt stack 0
   637                           
   638                           ; 2 bytes @ 0x14
   639  000015                     	ds	2
   640  000017                     main@i:
   641                           	opt stack 0
   642                           
   643                           ; 2 bytes @ 0x16
   644  000017                     	ds	2
   645  000019                     main@j_120:
   646                           	opt stack 0
   647                           
   648                           ; 2 bytes @ 0x18
   649  000019                     	ds	2
   650                           tblptru	equ	0xFF8
   651                           
   652 ;;
   653 ;;Main: autosize = 0, tempsize = 2, incstack = 0, save=0
   654 ;;
   655 ;; *************** function _main *****************
   656 ;; Defined at:
   657 ;;		line 64 in file "main.c"
   658 ;; Parameters:    Size  Location     Type
   659 ;;		None
   660 ;; Auto vars:     Size  Location     Type
   661 ;;  i               2   20[COMRAM] int 
   662 ;;  j               2   24[COMRAM] int 
   663 ;;  l               2   18[COMRAM] int 
   664 ;;  k               2   16[COMRAM] int 
   665 ;;  i               2   10[COMRAM] int 
   666 ;;  i               2   22[COMRAM] int 
   667 ;;  k               2   14[COMRAM] int 
   668 ;;  j               2   12[COMRAM] int 
   669 ;; Return value:  Size  Location     Type
   670 ;;		None               void
   671 ;; Registers used:
   672 ;;		wreg, status,2, status,0, tblptrl, tblptrh, tblptru, prodl, cstack
   673 ;; Tracked objects:
   674 ;;		On entry : 0/0
   675 ;;		On exit  : 0/0
   676 ;;		Unchanged: 0/0
   677 ;; Data sizes:     COMRAM   BANK0   BANK1   BANK2   BANK3   BANK4   BANK5   BANK6   BANK7
   678 ;;      Params:         0       0       0       0       0       0       0       0       0
   679 ;;      Locals:        16       0       0       0       0       0       0       0       0
   680 ;;      Temps:          2       0       0       0       0       0       0       0       0
   681 ;;      Totals:        18       0       0       0       0       0       0       0       0
   682 ;;Total ram usage:       18 bytes
   683 ;; Hardware stack levels required when called:    1
   684 ;; This function calls:
   685 ;;		___awdiv
   686 ;;		_initChip
   687 ;; This function is called by:
   688 ;;		Startup code after reset
   689 ;; This function uses a non-reentrant model
   690 ;;
   691                           
   692                           	psect	text0
   693  007C8E                     __ptext0:
   694                           	opt stack 0
   695  007C8E                     _main:
   696                           	opt stack 30
   697                           
   698                           ;main.c: 67: initChip();
   699                           
   700                           ;incstack = 0
   701  007C8E  ECE5  F03D         	call	_initChip	;wreg free
   702                           
   703                           ;main.c: 69: while(PORTAbits.RA1 == 0) {
   704  007C92  D0B1               	goto	l28
   705  007C94                     l29:
   706                           
   707                           ;main.c: 70: if(PORTAbits.RA0 == 0)
   708  007C94  B080               	btfsc	3968,0,c	;volatile
   709  007C96  D042               	goto	l30
   710                           
   711                           ;main.c: 71: {
   712                           ;main.c: 72: int i = 0;
   713  007C98  0E00               	movlw	0
   714  007C9A  6E18               	movwf	main@i+1,c
   715  007C9C  0E00               	movlw	0
   716  007C9E  6E17               	movwf	main@i,c
   717                           
   718                           ;main.c: 73: int j = 0;
   719  007CA0  0E00               	movlw	0
   720  007CA2  6E0E               	movwf	main@j+1,c
   721  007CA4  0E00               	movlw	0
   722  007CA6  6E0D               	movwf	main@j,c
   723                           
   724                           ;main.c: 74: int k = 0;
   725  007CA8  0E00               	movlw	0
   726  007CAA  6E10               	movwf	main@k+1,c
   727  007CAC  0E00               	movlw	0
   728  007CAE  6E0F               	movwf	main@k,c
   729                           
   730                           ;main.c: 75: for(i = 0; i < 512; i++)
   731  007CB0  0E00               	movlw	0
   732  007CB2  6E18               	movwf	main@i+1,c
   733  007CB4  0E00               	movlw	0
   734  007CB6  6E17               	movwf	main@i,c
   735  007CB8  5018               	movf	main@i+1,w,c
   736  007CBA  0A80               	xorlw	128
   737  007CBC  0F7E               	addlw	-130
   738  007CBE  0E00               	movlw	0
   739  007CC0  B4D8               	btfsc	status,2,c
   740  007CC2  5C17               	subwf	main@i,w,c
   741  007CC4  B0D8               	btfsc	status,0,c
   742  007CC6  D02A               	goto	l30
   743                           
   744                           ;main.c: 76: {
   745                           ;main.c: 77: PORTB = values1[i];
   746  007CC8  0EFF               	movlw	low _values1
   747  007CCA  2417               	addwf	main@i,w,c
   748  007CCC  6EF6               	movwf	tblptrl,c
   749  007CCE  0E7D               	movlw	high _values1
   750  007CD0  2018               	addwfc	main@i+1,w,c
   751  007CD2  6EF7               	movwf	tblptrh,c
   752  007CD4                     	if	0	;There are less than 3 active tblptr bytes
   753  007CD4                     	endif
   754  007CD4  0008               	tblrd		*
   755  007CD6  CFF5 FF81          	movff	tablat,3969	;volatile
   756                           
   757                           ;main.c: 78: for(j = 0; j < 255; j++)
   758  007CDA  0E00               	movlw	0
   759  007CDC  6E0E               	movwf	main@j+1,c
   760  007CDE  0E00               	movlw	0
   761  007CE0  6E0D               	movwf	main@j,c
   762  007CE2  500E               	movf	main@j+1,w,c
   763  007CE4  0A80               	xorlw	128
   764  007CE6  0F80               	addlw	-128
   765  007CE8  0EFF               	movlw	255
   766  007CEA  B4D8               	btfsc	status,2,c
   767  007CEC  5C0D               	subwf	main@j,w,c
   768  007CEE  B0D8               	btfsc	status,0,c
   769  007CF0  D012               	goto	l701
   770                           
   771                           ;main.c: 79: {
   772                           ;main.c: 80: for(k = 0; k < 255; k++);
   773  007CF2  0E00               	movlw	0
   774  007CF4  6E10               	movwf	main@k+1,c
   775  007CF6  0E00               	movlw	0
   776  007CF8  6E0F               	movwf	main@k,c
   777  007CFA  5010               	movf	main@k+1,w,c
   778  007CFC  0A80               	xorlw	128
   779  007CFE  0F80               	addlw	-128
   780  007D00  0EFF               	movlw	255
   781  007D02  B4D8               	btfsc	status,2,c
   782  007D04  5C0F               	subwf	main@k,w,c
   783  007D06  B0D8               	btfsc	status,0,c
   784  007D08  D003               	goto	l697
   785  007D0A  4A0F               	infsnz	main@k,f,c
   786  007D0C  2A10               	incf	main@k+1,f,c
   787  007D0E  D7F5               	goto	L1
   788  007D10                     l697:
   789  007D10  4A0D               	infsnz	main@j,f,c
   790  007D12  2A0E               	incf	main@j+1,f,c
   791  007D14  D7E6               	goto	L2
   792  007D16                     l701:
   793  007D16  4A17               	infsnz	main@i,f,c
   794  007D18  2A18               	incf	main@i+1,f,c
   795  007D1A  D7CE               	goto	L3
   796  007D1C                     l30:
   797                           
   798                           ;main.c: 81: }
   799                           ;main.c: 82: }
   800                           ;main.c: 83: }
   801                           ;main.c: 85: if(PORTAbits.RA0 == 1)
   802  007D1C  A080               	btfss	3968,0,c	;volatile
   803  007D1E  D06B               	goto	l28
   804                           
   805                           ;main.c: 86: {
   806                           ;main.c: 87: int i = 0;
   807  007D20  0E00               	movlw	0
   808  007D22  6E0C               	movwf	main@i_119+1,c
   809  007D24  0E00               	movlw	0
   810  007D26  6E0B               	movwf	main@i_119,c
   811                           
   812                           ;main.c: 88: int j = 0;
   813  007D28  0E00               	movlw	0
   814  007D2A  6E1A               	movwf	main@j_120+1,c
   815  007D2C  0E00               	movlw	0
   816  007D2E  6E19               	movwf	main@j_120,c
   817                           
   818                           ;main.c: 89: int k = 0;
   819  007D30  0E00               	movlw	0
   820  007D32  6E12               	movwf	main@k_121+1,c
   821  007D34  0E00               	movlw	0
   822  007D36  6E11               	movwf	main@k_121,c
   823                           
   824                           ;main.c: 90: int l = 0;
   825  007D38  0E00               	movlw	0
   826  007D3A  6E14               	movwf	main@l+1,c
   827  007D3C  0E00               	movlw	0
   828  007D3E  6E13               	movwf	main@l,c
   829                           
   830                           ;main.c: 92: for(j = 0; j < 512; j++){
   831  007D40  0E00               	movlw	0
   832  007D42  6E1A               	movwf	main@j_120+1,c
   833  007D44  0E00               	movlw	0
   834  007D46  6E19               	movwf	main@j_120,c
   835  007D48  501A               	movf	main@j_120+1,w,c
   836  007D4A  0A80               	xorlw	128
   837  007D4C  0F7E               	addlw	-130
   838  007D4E  0E00               	movlw	0
   839  007D50  B4D8               	btfsc	status,2,c
   840  007D52  5C19               	subwf	main@j_120,w,c
   841  007D54  B0D8               	btfsc	status,0,c
   842  007D56  D04F               	goto	l28
   843                           
   844                           ;main.c: 93: for(int i = 0; i < 8; i++)
   845  007D58  0E00               	movlw	0
   846  007D5A  6E16               	movwf	main@i_123+1,c
   847  007D5C  0E00               	movlw	0
   848  007D5E  6E15               	movwf	main@i_123,c
   849  007D60  5016               	movf	main@i_123+1,w,c
   850  007D62  0A80               	xorlw	128
   851  007D64  0F80               	addlw	-128
   852  007D66  0E08               	movlw	8
   853  007D68  B4D8               	btfsc	status,2,c
   854  007D6A  5C15               	subwf	main@i_123,w,c
   855  007D6C  B0D8               	btfsc	status,0,c
   856  007D6E  D015               	goto	l723
   857                           
   858                           ;main.c: 94: {
   859                           ;main.c: 95: temp = temp + values1[i+j];
   860  007D70  C015  F009         	movff	main@i_123,??_main
   861  007D74  C016  F00A         	movff	main@i_123+1,??_main+1
   862  007D78  5019               	movf	main@j_120,w,c
   863  007D7A  2609               	addwf	??_main,f,c
   864  007D7C  501A               	movf	main@j_120+1,w,c
   865  007D7E  220A               	addwfc	??_main+1,f,c
   866  007D80  0EFF               	movlw	low _values1
   867  007D82  2409               	addwf	??_main,w,c
   868  007D84  6EF6               	movwf	tblptrl,c
   869  007D86  0E7D               	movlw	high _values1
   870  007D88  200A               	addwfc	??_main+1,w,c
   871  007D8A  6EF7               	movwf	tblptrh,c
   872  007D8C                     	if	0	;There are less than 3 active tblptr bytes
   873  007D8C                     	endif
   874  007D8C  0008               	tblrd		*
   875  007D8E  50F5               	movf	tablat,w,c
   876  007D90  241B               	addwf	_temp,w,c
   877  007D92  6E1B               	movwf	_temp,c
   878  007D94  4A15               	infsnz	main@i_123,f,c
   879  007D96  2A16               	incf	main@i_123+1,f,c
   880  007D98  D7E3               	goto	L4
   881  007D9A                     l723:
   882                           
   883                           ;main.c: 96: }
   884                           ;main.c: 98: PORTB = temp/8;
   885  007D9A  C01B  F001         	movff	_temp,___awdiv@dividend
   886  007D9E  6A02               	clrf	___awdiv@dividend+1,c
   887  007DA0  0E00               	movlw	0
   888  007DA2  6E04               	movwf	___awdiv@divisor+1,c
   889  007DA4  0E08               	movlw	8
   890  007DA6  6E03               	movwf	___awdiv@divisor,c
   891  007DA8  ECF5  F03D         	call	___awdiv	;wreg free
   892  007DAC  5001               	movf	?___awdiv,w,c
   893  007DAE  6E81               	movwf	3969,c	;volatile
   894                           
   895                           ;main.c: 99: temp = 0;
   896  007DB0  0E00               	movlw	0
   897  007DB2  6E1B               	movwf	_temp,c
   898                           
   899                           ;main.c: 101: for(k = 0; k < 255; k++)
   900  007DB4  0E00               	movlw	0
   901  007DB6  6E12               	movwf	main@k_121+1,c
   902  007DB8  0E00               	movlw	0
   903  007DBA  6E11               	movwf	main@k_121,c
   904  007DBC  5012               	movf	main@k_121+1,w,c
   905  007DBE  0A80               	xorlw	128
   906  007DC0  0F80               	addlw	-128
   907  007DC2  0EFF               	movlw	255
   908  007DC4  B4D8               	btfsc	status,2,c
   909  007DC6  5C11               	subwf	main@k_121,w,c
   910  007DC8  B0D8               	btfsc	status,0,c
   911  007DCA  D012               	goto	l747
   912                           
   913                           ;main.c: 102: {
   914                           ;main.c: 103: for(l = 0; l < 255; l++);
   915  007DCC  0E00               	movlw	0
   916  007DCE  6E14               	movwf	main@l+1,c
   917  007DD0  0E00               	movlw	0
   918  007DD2  6E13               	movwf	main@l,c
   919  007DD4  5014               	movf	main@l+1,w,c
   920  007DD6  0A80               	xorlw	128
   921  007DD8  0F80               	addlw	-128
   922  007DDA  0EFF               	movlw	255
   923  007DDC  B4D8               	btfsc	status,2,c
   924  007DDE  5C13               	subwf	main@l,w,c
   925  007DE0  B0D8               	btfsc	status,0,c
   926  007DE2  D003               	goto	l743
   927  007DE4  4A13               	infsnz	main@l,f,c
   928  007DE6  2A14               	incf	main@l+1,f,c
   929  007DE8  D7F5               	goto	L5
   930  007DEA                     l743:
   931  007DEA  4A11               	infsnz	main@k_121,f,c
   932  007DEC  2A12               	incf	main@k_121+1,f,c
   933  007DEE  D7E6               	goto	L6
   934  007DF0                     l747:
   935  007DF0  4A19               	infsnz	main@j_120,f,c
   936  007DF2  2A1A               	incf	main@j_120+1,f,c
   937  007DF4  D7A9               	goto	L7
   938  007DF6                     l28:
   939  007DF6  A280               	btfss	3968,1,c	;volatile
   940  007DF8  D74D               	goto	l29
   941  007DFA  EF00  F000         	goto	start
   942  007DFE                     __end_of_main:
   943                           	opt stack 0
   944                           tblptru	equ	0xFF8
   945                           tblptrh	equ	0xFF7
   946                           tblptrl	equ	0xFF6
   947                           tablat	equ	0xFF5
   948                           status	equ	0xFD8
   949                           
   950 ;; *************** function _initChip *****************
   951 ;; Defined at:
   952 ;;		line 53 in file "main.c"
   953 ;; Parameters:    Size  Location     Type
   954 ;;		None
   955 ;; Auto vars:     Size  Location     Type
   956 ;;		None
   957 ;; Return value:  Size  Location     Type
   958 ;;		None               void
   959 ;; Registers used:
   960 ;;		wreg, status,2
   961 ;; Tracked objects:
   962 ;;		On entry : 0/0
   963 ;;		On exit  : 0/0
   964 ;;		Unchanged: 0/0
   965 ;; Data sizes:     COMRAM   BANK0   BANK1   BANK2   BANK3   BANK4   BANK5   BANK6   BANK7
   966 ;;      Params:         0       0       0       0       0       0       0       0       0
   967 ;;      Locals:         0       0       0       0       0       0       0       0       0
   968 ;;      Temps:          0       0       0       0       0       0       0       0       0
   969 ;;      Totals:         0       0       0       0       0       0       0       0       0
   970 ;;Total ram usage:        0 bytes
   971 ;; Hardware stack levels used:    1
   972 ;; This function calls:
   973 ;;		Nothing
   974 ;; This function is called by:
   975 ;;		_main
   976 ;; This function uses a non-reentrant model
   977 ;;
   978                           
   979                           	psect	text1
   980  007BCA                     __ptext1:
   981                           	opt stack 0
   982  007BCA                     _initChip:
   983                           	opt stack 30
   984                           
   985                           ;main.c: 54: PORTA = 0x00;
   986                           
   987                           ;incstack = 0
   988  007BCA  0E00               	movlw	0
   989  007BCC  6E80               	movwf	3968,c	;volatile
   990                           
   991                           ;main.c: 55: TRISA = 0xff;
   992  007BCE  6892               	setf	3986,c	;volatile
   993                           
   994                           ;main.c: 56: ADCON1 = 0x0f;
   995  007BD0  0E0F               	movlw	15
   996  007BD2  6EC1               	movwf	4033,c	;volatile
   997                           
   998                           ;main.c: 57: CMCON = 0x07;
   999  007BD4  0E07               	movlw	7
  1000  007BD6  6EB4               	movwf	4020,c	;volatile
  1001                           
  1002                           ;main.c: 58: PORTB = 0x00;
  1003  007BD8  0E00               	movlw	0
  1004  007BDA  6E81               	movwf	3969,c	;volatile
  1005                           
  1006                           ;main.c: 59: TRISB = 0x00;
  1007  007BDC  0E00               	movlw	0
  1008  007BDE  6E93               	movwf	3987,c	;volatile
  1009                           
  1010                           ;main.c: 60: PORTC = 0x00;
  1011  007BE0  0E00               	movlw	0
  1012  007BE2  6E82               	movwf	3970,c	;volatile
  1013                           
  1014                           ;main.c: 61: TRISC = 0x00;
  1015  007BE4  0E00               	movlw	0
  1016  007BE6  6E94               	movwf	3988,c	;volatile
  1017  007BE8  0012               	return	
  1018  007BEA                     __end_of_initChip:
  1019                           	opt stack 0
  1020                           tblptru	equ	0xFF8
  1021                           tblptrh	equ	0xFF7
  1022                           tblptrl	equ	0xFF6
  1023                           tablat	equ	0xFF5
  1024                           status	equ	0xFD8
  1025                           
  1026 ;; *************** function ___awdiv *****************
  1027 ;; Defined at:
  1028 ;;		line 8 in file "/Applications/microchip/xc8/v1.33/sources/common/awdiv.c"
  1029 ;; Parameters:    Size  Location     Type
  1030 ;;  dividend        2    0[COMRAM] int 
  1031 ;;  divisor         2    2[COMRAM] int 
  1032 ;; Auto vars:     Size  Location     Type
  1033 ;;  quotient        2    6[COMRAM] int 
  1034 ;;  sign            1    5[COMRAM] unsigned char 
  1035 ;;  counter         1    4[COMRAM] unsigned char 
  1036 ;; Return value:  Size  Location     Type
  1037 ;;                  2    0[COMRAM] int 
  1038 ;; Registers used:
  1039 ;;		wreg, status,2, status,0, prodl
  1040 ;; Tracked objects:
  1041 ;;		On entry : 0/0
  1042 ;;		On exit  : 0/0
  1043 ;;		Unchanged: 0/0
  1044 ;; Data sizes:     COMRAM   BANK0   BANK1   BANK2   BANK3   BANK4   BANK5   BANK6   BANK7
  1045 ;;      Params:         4       0       0       0       0       0       0       0       0
  1046 ;;      Locals:         4       0       0       0       0       0       0       0       0
  1047 ;;      Temps:          0       0       0       0       0       0       0       0       0
  1048 ;;      Totals:         8       0       0       0       0       0       0       0       0
  1049 ;;Total ram usage:        8 bytes
  1050 ;; Hardware stack levels used:    1
  1051 ;; This function calls:
  1052 ;;		Nothing
  1053 ;; This function is called by:
  1054 ;;		_main
  1055 ;; This function uses a non-reentrant model
  1056 ;;
  1057                           
  1058                           	psect	text2
  1059  007BEA                     __ptext2:
  1060                           	opt stack 0
  1061  007BEA                     ___awdiv:
  1062                           	opt stack 30
  1063                           
  1064                           ;incstack = 0
  1065  007BEA  0E00               	movlw	0
  1066  007BEC  6E06               	movwf	___awdiv@sign,c
  1067  007BEE  5004               	movf	___awdiv@divisor+1,w,c
  1068  007BF0  0A80               	xorlw	128
  1069  007BF2  6EF3               	movwf	prodl,c
  1070  007BF4  0E80               	movlw	128
  1071  007BF6  5CF3               	subwf	prodl,w,c
  1072  007BF8  0E00               	movlw	0
  1073  007BFA  B4D8               	btfsc	status,2,c
  1074  007BFC  5C03               	subwf	___awdiv@divisor,w,c
  1075  007BFE  B0D8               	btfsc	status,0,c
  1076  007C00  D006               	goto	l635
  1077  007C02  6C03               	negf	___awdiv@divisor,c
  1078  007C04  1E04               	comf	___awdiv@divisor+1,f,c
  1079  007C06  B0D8               	btfsc	status,0,c
  1080  007C08  2A04               	incf	___awdiv@divisor+1,f,c
  1081  007C0A  0E01               	movlw	1
  1082  007C0C  6E06               	movwf	___awdiv@sign,c
  1083  007C0E                     l635:
  1084  007C0E  5002               	movf	___awdiv@dividend+1,w,c
  1085  007C10  0A80               	xorlw	128
  1086  007C12  6EF3               	movwf	prodl,c
  1087  007C14  0E80               	movlw	128
  1088  007C16  5CF3               	subwf	prodl,w,c
  1089  007C18  0E00               	movlw	0
  1090  007C1A  B4D8               	btfsc	status,2,c
  1091  007C1C  5C01               	subwf	___awdiv@dividend,w,c
  1092  007C1E  B0D8               	btfsc	status,0,c
  1093  007C20  D006               	goto	l641
  1094  007C22  6C01               	negf	___awdiv@dividend,c
  1095  007C24  1E02               	comf	___awdiv@dividend+1,f,c
  1096  007C26  B0D8               	btfsc	status,0,c
  1097  007C28  2A02               	incf	___awdiv@dividend+1,f,c
  1098  007C2A  0E01               	movlw	1
  1099  007C2C  1A06               	xorwf	___awdiv@sign,f,c
  1100  007C2E                     l641:
  1101  007C2E  0E00               	movlw	0
  1102  007C30  6E08               	movwf	___awdiv@quotient+1,c
  1103  007C32  0E00               	movlw	0
  1104  007C34  6E07               	movwf	___awdiv@quotient,c
  1105  007C36  5004               	movf	___awdiv@divisor+1,w,c
  1106  007C38  1003               	iorwf	___awdiv@divisor,w,c
  1107  007C3A  B4D8               	btfsc	status,2,c
  1108  007C3C  D01C               	goto	l663
  1109  007C3E  0E01               	movlw	1
  1110  007C40  6E05               	movwf	___awdiv@counter,c
  1111  007C42  D004               	goto	l649
  1112  007C44                     l647:
  1113  007C44  90D8               	bcf	status,0,c
  1114  007C46  3603               	rlcf	___awdiv@divisor,f,c
  1115  007C48  3604               	rlcf	___awdiv@divisor+1,f,c
  1116  007C4A  2A05               	incf	___awdiv@counter,f,c
  1117  007C4C                     l649:
  1118  007C4C  AE04               	btfss	___awdiv@divisor+1,7,c
  1119  007C4E  D7FA               	goto	l647
  1120  007C50                     l651:
  1121  007C50  90D8               	bcf	status,0,c
  1122  007C52  3607               	rlcf	___awdiv@quotient,f,c
  1123  007C54  3608               	rlcf	___awdiv@quotient+1,f,c
  1124  007C56  5003               	movf	___awdiv@divisor,w,c
  1125  007C58  5C01               	subwf	___awdiv@dividend,w,c
  1126  007C5A  5004               	movf	___awdiv@divisor+1,w,c
  1127  007C5C  5802               	subwfb	___awdiv@dividend+1,w,c
  1128  007C5E  A0D8               	btfss	status,0,c
  1129  007C60  D005               	goto	l659
  1130  007C62  5003               	movf	___awdiv@divisor,w,c
  1131  007C64  5E01               	subwf	___awdiv@dividend,f,c
  1132  007C66  5004               	movf	___awdiv@divisor+1,w,c
  1133  007C68  5A02               	subwfb	___awdiv@dividend+1,f,c
  1134  007C6A  8007               	bsf	___awdiv@quotient,0,c
  1135  007C6C                     l659:
  1136  007C6C  90D8               	bcf	status,0,c
  1137  007C6E  3204               	rrcf	___awdiv@divisor+1,f,c
  1138  007C70  3203               	rrcf	___awdiv@divisor,f,c
  1139  007C72  2E05               	decfsz	___awdiv@counter,f,c
  1140  007C74  D7ED               	goto	l651
  1141  007C76                     l663:
  1142  007C76  5006               	movf	___awdiv@sign,w,c
  1143  007C78  B4D8               	btfsc	status,2,c
  1144  007C7A  D004               	goto	l667
  1145  007C7C  6C07               	negf	___awdiv@quotient,c
  1146  007C7E  1E08               	comf	___awdiv@quotient+1,f,c
  1147  007C80  B0D8               	btfsc	status,0,c
  1148  007C82  2A08               	incf	___awdiv@quotient+1,f,c
  1149  007C84                     l667:
  1150  007C84  C007  F001         	movff	___awdiv@quotient,?___awdiv
  1151  007C88  C008  F002         	movff	___awdiv@quotient+1,?___awdiv+1
  1152  007C8C  0012               	return	
  1153  007C8E                     __end_of___awdiv:
  1154                           	opt stack 0
  1155                           tblptru	equ	0xFF8
  1156                           tblptrh	equ	0xFF7
  1157                           tblptrl	equ	0xFF6
  1158                           tablat	equ	0xFF5
  1159                           prodl	equ	0xFF3
  1160                           status	equ	0xFD8
  1161                           tblptru	equ	0xFF8
  1162                           tblptrh	equ	0xFF7
  1163                           tblptrl	equ	0xFF6
  1164                           tablat	equ	0xFF5
  1165                           prodl	equ	0xFF3
  1166                           status	equ	0xFD8
  1167                           
  1168                           	psect	rparam
  1169  0000                     tblptru	equ	0xFF8
  1170                           tblptrh	equ	0xFF7
  1171                           tblptrl	equ	0xFF6
  1172                           tablat	equ	0xFF5
  1173                           prodl	equ	0xFF3
  1174                           status	equ	0xFD8


Data Sizes:
    Strings     0
    Constant    512
    Data        0
    BSS         1
    Persistent  0
    Stack       0

Auto Spaces:
    Space          Size  Autos    Used
    COMRAM           95     26      27
    BANK0           160      0       0
    BANK1           256      0       0
    BANK2           256      0       0
    BANK3           256      0       0
    BANK4           256      0       0
    BANK5           256      0       0
    BANK6           256      0       0
    BANK7           256      0       0

Pointer List with Targets:

    None.

Critical Paths under _main in COMRAM

    _main->___awdiv

Critical Paths under _main in BANK0

    None.

Critical Paths under _main in BANK1

    None.

Critical Paths under _main in BANK2

    None.

Critical Paths under _main in BANK3

    None.

Critical Paths under _main in BANK4

    None.

Critical Paths under _main in BANK5

    None.

Critical Paths under _main in BANK6

    None.

Critical Paths under _main in BANK7

    None.

Call Graph Tables:

 ---------------------------------------------------------------------------------
 (Depth) Function   	        Calls       Base Space   Used Autos Params    Refs
 ---------------------------------------------------------------------------------
 (0) _main                                                18    18      0     518
                                              8 COMRAM    18    18      0
                            ___awdiv
                           _initChip
 ---------------------------------------------------------------------------------
 (1) _initChip                                             0     0      0       0
 ---------------------------------------------------------------------------------
 (1) ___awdiv                                              8     4      4     263
                                              0 COMRAM     8     4      4
 ---------------------------------------------------------------------------------
 Estimated maximum stack depth 1
 ---------------------------------------------------------------------------------

 Call Graph Graphs:

 _main (ROOT)
   ___awdiv
   _initChip

 Address spaces:
Name               Size   Autos  Total    Cost      Usage
BIGRAM             7FF      0       0      21        0.0%
EEDATA             100      0       0       0        0.0%
BITBANK7           100      0       0      18        0.0%
BANK7              100      0       0      19        0.0%
BITBANK6           100      0       0      16        0.0%
BANK6              100      0       0      17        0.0%
BITBANK5           100      0       0      14        0.0%
BANK5              100      0       0      15        0.0%
BITBANK4           100      0       0      12        0.0%
BANK4              100      0       0      13        0.0%
BITBANK3           100      0       0      10        0.0%
BANK3              100      0       0      11        0.0%
BITBANK2           100      0       0       8        0.0%
BANK2              100      0       0       9        0.0%
BITBANK1           100      0       0       6        0.0%
BANK1              100      0       0       7        0.0%
BITBANK0            A0      0       0       4        0.0%
BANK0               A0      0       0       5        0.0%
BITCOMRAM           5F      0       0       0        0.0%
COMRAM              5F     1A      1B       1       28.4%
BITSFR               0      0       0      40        0.0%
SFR                  0      0       0      40        0.0%
STACK                0      0       0       2        0.0%
NULL                 0      0       0       0        0.0%
ABS                  0      0      1B      20        0.0%
DATA                 0      0      1B       3        0.0%
CODE                 0      0       0       0        0.0%


Microchip Technology PIC18 Macro Assembler V1.33 build 59893 
Symbol Table                                                                                   Mon Oct 13 17:34:52 2014

                     l30 7D1C                       l28 7DF6                       l29 7C94  
           ___awdiv@sign 0006                      l701 7D16                      l641 7C2E  
                    l651 7C50                      l635 7C0E                      l723 7D9A  
                    l647 7C44                      l663 7C76                      l743 7DEA  
                    l649 7C4C                      l667 7C84                      l659 7C6C  
                    l747 7DF0                      l697 7D10                     _main 7C8E  
                   _temp 001B                     prodl 000FF3                     start 0000  
                  ?_main 0001          __end_of___awdiv 7C8E                    _CMCON 000FB4  
        ___awdiv@divisor 0003          ___awdiv@counter 0005                    _PORTA 000F80  
                  _PORTB 000F81                    _PORTC 000F82                    _TRISA 000F92  
                  _TRISB 000F93                    _TRISC 000F94                    main@i 0017  
                  main@j 000D                    main@k 000F                    main@l 0013  
                  tablat 000FF5          __end_of_values1 7FFF                    status 000FD8  
        __initialization 7BBE             __end_of_main 7DFE                   ??_main 0009  
          __activetblptr 000002                   _ADCON1 000FC1         ___awdiv@dividend 0001  
              ??___awdiv 0005         __end_of_initChip 7BEA         ___awdiv@quotient 0007  
           __mediumconst 7DFE                   tblptrh 000FF7                   tblptrl 000FF6  
                 tblptru 000FF8               __accesstop 0060  __end_of__initialization 7BC0  
         __pcstackCOMRAM 0001                ?_initChip 0001                  __Hparam 0000  
                __Lparam 0000                  ___awdiv 7BEA                  __pcinit 7BBE  
                __ramtop 0800                  __ptext0 7C8E                  __ptext1 7BCA  
                __ptext2 7BEA                  _values1 7DFF     end_of_initialization 7BC0  
             ??_initChip 0001            __Lmediumconst 7DFE                _PORTAbits 000F80  
    start_initialization 7BBE              __pbssCOMRAM 001B        __size_of_initChip 0020  
          __pmediumconst 7DFE                 ?___awdiv 0001                main@i_123 0015  
              main@i_119 000B                main@j_120 0019                main@k_121 0011  
               __Hrparam 0000                 __Lrparam 0000         __size_of___awdiv 00A4  
               _initChip 7BCA            __size_of_main 0170  
