

Microchip Technology PIC18 LITE Macro Assembler V1.33 build 59893 
                                                                                               Mon Oct 27 15:37:02 2014

Microchip Technology Omniscient Code Generator (Lite mode) build 59893
     1                           	processor	18F2550
     2                           	fnconf	rparam,??,?,0
     3                           	opt	pw 120
     4                           	opt	lm
     5                           	psect	text0,global,reloc=2,class=CODE,delta=1
     6                           	psect	cinit,global,reloc=2,class=CODE,delta=1
     7                           	psect	cstackCOMRAM,global,class=COMRAM,space=1,delta=1
     8                           	psect	text1,global,reloc=2,class=CODE,delta=1
     9                           	psect	intsave_regs,global,class=BIGRAM,space=1,delta=1
    10                           	psect	rparam,global,class=COMRAM,space=1,delta=1
    11  0000                     _ADCON1	set	4033
    12  0000                     _CMCON	set	4020
    13  0000                     _PORTA	set	3968
    14  0000                     _PORTAbits	set	3968
    15  0000                     _PORTB	set	3969
    16  0000                     _PORTC	set	3970
    17  0000                     _TRISA	set	3986
    18  0000                     _TRISB	set	3987
    19  0000                     _TRISC	set	3988
    20                           
    21 ;;
    22 ;;Main: autosize = 0, tempsize = 0, incstack = 0, save=0
    23 ;;
    24 ;; *************** function _main *****************
    25 ;; Defined at:
    26 ;;		line 14 in file "main.c"
    27 ;; Parameters:    Size  Location     Type
    28 ;;		None
    29 ;; Auto vars:     Size  Location     Type
    30 ;;  j               2    6[COMRAM] int 
    31 ;;  i               2    4[COMRAM] int 
    32 ;;  j               2    2[COMRAM] int 
    33 ;;  i               2    0[COMRAM] int 
    34 ;;  counter         1    8[COMRAM] unsigned char 
    35 ;; Return value:  Size  Location     Type
    36 ;;		None               void
    37 ;; Registers used:
    38 ;;		wreg, status,2, status,0, cstack
    39 ;; Tracked objects:
    40 ;;		On entry : 0/0
    41 ;;		On exit  : 0/0
    42 ;;		Unchanged: 0/0
    43 ;; Data sizes:     COMRAM   BANK0   BANK1   BANK2   BANK3   BANK4   BANK5   BANK6   BANK7
    44 ;;      Params:         0       0       0       0       0       0       0       0       0
    45 ;;      Locals:         9       0       0       0       0       0       0       0       0
    46 ;;      Temps:          0       0       0       0       0       0       0       0       0
    47 ;;      Totals:         9       0       0       0       0       0       0       0       0
    48 ;;Total ram usage:        9 bytes
    49 ;; Hardware stack levels required when called:    1
    50 ;; This function calls:
    51 ;;		_initChip
    52 ;; This function is called by:
    53 ;;		Startup code after reset
    54 ;; This function uses a non-reentrant model
    55 ;;
    56                           
    57                           	psect	text0
    58  007F88                     __ptext0:
    59                           	opt stack 0
    60  007F88                     _main:
    61                           	opt stack 30
    62                           
    63                           ;main.c: 15: int i = 0;
    64                           
    65                           ;incstack = 0
    66  007F88  0E00               	movlw	0
    67  007F8A  6E02               	movwf	main@i+1,c
    68  007F8C  0E00               	movlw	0
    69  007F8E  6E01               	movwf	main@i,c
    70                           
    71                           ;main.c: 16: int j = 0;
    72  007F90  0E00               	movlw	0
    73  007F92  6E04               	movwf	main@j+1,c
    74  007F94  0E00               	movlw	0
    75  007F96  6E03               	movwf	main@j,c
    76                           
    77                           ;main.c: 17: unsigned char counter = 0;
    78  007F98  0E00               	movlw	0
    79  007F9A  6E09               	movwf	main@counter,c
    80                           
    81                           ;main.c: 18: initChip();
    82  007F9C  ECB4  F03F         	call	_initChip	;wreg free
    83  007FA0                     l621:
    84                           
    85                           ;main.c: 20: if (PORTAbits.RA0 == 1)
    86  007FA0  A080               	btfss	3968,0,c	;volatile
    87  007FA2  D007               	goto	l629
    88                           
    89                           ;main.c: 21: {
    90                           ;main.c: 22: if (counter <255)
    91  007FA4  2809               	incf	main@counter,w,c
    92  007FA6  B4D8               	btfsc	status,2,c
    93  007FA8  D002               	goto	l627
    94                           
    95                           ;main.c: 23: counter = counter + 1;
    96  007FAA  2809               	incf	main@counter,w,c
    97  007FAC  D006               	goto	L2
    98  007FAE                     l627:
    99                           
   100                           ;main.c: 25: else
   101                           ;main.c: 26: counter = 0;
   102  007FAE  0E00               	movlw	0
   103  007FB0  D004               	goto	L2
   104  007FB2                     l629:
   105                           
   106                           ;main.c: 29: else
   107                           ;main.c: 30: {
   108                           ;main.c: 31: if (counter > 0)
   109  007FB2  5009               	movf	main@counter,w,c
   110  007FB4  B4D8               	btfsc	status,2,c
   111  007FB6  D003               	goto	l29
   112                           
   113                           ;main.c: 32: counter = counter -1;
   114  007FB8  0409               	decf	main@counter,w,c
   115  007FBA                     L2:
   116  007FBA  6E09               	movwf	main@counter,c
   117  007FBC  D001               	goto	l28
   118  007FBE                     l29:
   119                           
   120                           ;main.c: 34: else
   121                           ;main.c: 35: counter = 255;
   122  007FBE  6809               	setf	main@counter,c
   123  007FC0                     l28:
   124                           
   125                           ;main.c: 36: }
   126                           ;main.c: 38: PORTB = counter;
   127  007FC0  C009  FF81         	movff	main@counter,3969	;volatile
   128                           
   129                           ;main.c: 39: for(int i = 0; i <255; i++)
   130  007FC4  0E00               	movlw	0
   131  007FC6  6E06               	movwf	main@i_117+1,c
   132  007FC8  0E00               	movlw	0
   133  007FCA  6E05               	movwf	main@i_117,c
   134  007FCC  5006               	movf	main@i_117+1,w,c
   135  007FCE  0A80               	xorlw	128
   136  007FD0  0F80               	addlw	-128
   137  007FD2  0EFF               	movlw	255
   138  007FD4  B4D8               	btfsc	status,2,c
   139  007FD6  5C05               	subwf	main@i_117,w,c
   140  007FD8  B0D8               	btfsc	status,0,c
   141  007FDA  D7E2               	goto	l621
   142                           
   143                           ;main.c: 40: {
   144                           ;main.c: 41: for(int j = 0; j < 255; j++);
   145  007FDC  0E00               	movlw	0
   146  007FDE  6E08               	movwf	main@j_118+1,c
   147  007FE0  0E00               	movlw	0
   148  007FE2  6E07               	movwf	main@j_118,c
   149  007FE4  5008               	movf	main@j_118+1,w,c
   150  007FE6  0A80               	xorlw	128
   151  007FE8  0F80               	addlw	-128
   152  007FEA  0EFF               	movlw	255
   153  007FEC  B4D8               	btfsc	status,2,c
   154  007FEE  5C07               	subwf	main@j_118,w,c
   155  007FF0  B0D8               	btfsc	status,0,c
   156  007FF2  D003               	goto	l649
   157  007FF4  4A07               	infsnz	main@j_118,f,c
   158  007FF6  2A08               	incf	main@j_118+1,f,c
   159  007FF8  D7F5               	goto	L3
   160  007FFA                     l649:
   161  007FFA  4A05               	infsnz	main@i_117,f,c
   162  007FFC  2A06               	incf	main@i_117+1,f,c
   163  007FFE  D7E6               	goto	L4
   164  008000                     __end_of_main:
   165                           	opt stack 0
   166                           status	equ	0xFD8
   167                           
   168                           	psect	cinit
   169  007F62                     __pcinit:
   170                           	opt stack 0
   171  007F62                     start_initialization:
   172                           	opt stack 0
   173  007F62                     __initialization:
   174                           	opt stack 0
   175  007F62                     end_of_initialization:
   176                           	opt stack 0
   177  007F62                     __end_of__initialization:
   178                           	opt stack 0
   179  007F62  0100               	movlb	0
   180  007F64  EFC4  F03F         	goto	_main	;jump to C main() function
   181                           status	equ	0xFD8
   182                           
   183                           	psect	cstackCOMRAM
   184  000001                     __pcstackCOMRAM:
   185                           	opt stack 0
   186  000001                     main@i:
   187                           	opt stack 0
   188                           
   189                           ; 2 bytes @ 0x0
   190  000001                     	ds	2
   191  000003                     main@j:
   192                           	opt stack 0
   193                           
   194                           ; 2 bytes @ 0x2
   195  000003                     	ds	2
   196  000005                     main@i_117:
   197                           	opt stack 0
   198                           
   199                           ; 2 bytes @ 0x4
   200  000005                     	ds	2
   201  000007                     main@j_118:
   202                           	opt stack 0
   203                           
   204                           ; 2 bytes @ 0x6
   205  000007                     	ds	2
   206  000009                     main@counter:
   207                           	opt stack 0
   208                           
   209                           ; 1 bytes @ 0x8
   210  000009                     	ds	1
   211                           status	equ	0xFD8
   212                           
   213 ;; *************** function _initChip *****************
   214 ;; Defined at:
   215 ;;		line 4 in file "main.c"
   216 ;; Parameters:    Size  Location     Type
   217 ;;		None
   218 ;; Auto vars:     Size  Location     Type
   219 ;;		None
   220 ;; Return value:  Size  Location     Type
   221 ;;		None               void
   222 ;; Registers used:
   223 ;;		wreg, status,2
   224 ;; Tracked objects:
   225 ;;		On entry : 0/0
   226 ;;		On exit  : 0/0
   227 ;;		Unchanged: 0/0
   228 ;; Data sizes:     COMRAM   BANK0   BANK1   BANK2   BANK3   BANK4   BANK5   BANK6   BANK7
   229 ;;      Params:         0       0       0       0       0       0       0       0       0
   230 ;;      Locals:         0       0       0       0       0       0       0       0       0
   231 ;;      Temps:          0       0       0       0       0       0       0       0       0
   232 ;;      Totals:         0       0       0       0       0       0       0       0       0
   233 ;;Total ram usage:        0 bytes
   234 ;; Hardware stack levels used:    1
   235 ;; This function calls:
   236 ;;		Nothing
   237 ;; This function is called by:
   238 ;;		_main
   239 ;; This function uses a non-reentrant model
   240 ;;
   241                           
   242                           	psect	text1
   243  007F68                     __ptext1:
   244                           	opt stack 0
   245  007F68                     _initChip:
   246                           	opt stack 30
   247                           
   248                           ;main.c: 5: PORTA = 0x00;
   249                           
   250                           ;incstack = 0
   251  007F68  0E00               	movlw	0
   252  007F6A  6E80               	movwf	3968,c	;volatile
   253                           
   254                           ;main.c: 6: TRISA = 0xff;
   255  007F6C  6892               	setf	3986,c	;volatile
   256                           
   257                           ;main.c: 7: ADCON1 = 0x0f;
   258  007F6E  0E0F               	movlw	15
   259  007F70  6EC1               	movwf	4033,c	;volatile
   260                           
   261                           ;main.c: 8: CMCON = 0x07;
   262  007F72  0E07               	movlw	7
   263  007F74  6EB4               	movwf	4020,c	;volatile
   264                           
   265                           ;main.c: 9: PORTB = 0x00;
   266  007F76  0E00               	movlw	0
   267  007F78  6E81               	movwf	3969,c	;volatile
   268                           
   269                           ;main.c: 10: TRISB = 0x00;
   270  007F7A  0E00               	movlw	0
   271  007F7C  6E93               	movwf	3987,c	;volatile
   272                           
   273                           ;main.c: 11: PORTC = 0x00;
   274  007F7E  0E00               	movlw	0
   275  007F80  6E82               	movwf	3970,c	;volatile
   276                           
   277                           ;main.c: 12: TRISC = 0x00;
   278  007F82  0E00               	movlw	0
   279  007F84  6E94               	movwf	3988,c	;volatile
   280  007F86  0012               	return	
   281  007F88                     __end_of_initChip:
   282                           	opt stack 0
   283  0000                     status	equ	0xFD8
   284                           status	equ	0xFD8
   285                           
   286                           	psect	rparam
   287  0000                     status	equ	0xFD8


Data Sizes:
    Strings     0
    Constant    0
    Data        0
    BSS         0
    Persistent  0
    Stack       0

Auto Spaces:
    Space          Size  Autos    Used
    COMRAM           95      9       9
    BANK0           160      0       0
    BANK1           256      0       0
    BANK2           256      0       0
    BANK3           256      0       0
    BANK4           256      0       0
    BANK5           256      0       0
    BANK6           256      0       0
    BANK7           256      0       0

Pointer List with Targets:

    None.

Critical Paths under _main in COMRAM

    None.

Critical Paths under _main in BANK0

    None.

Critical Paths under _main in BANK1

    None.

Critical Paths under _main in BANK2

    None.

Critical Paths under _main in BANK3

    None.

Critical Paths under _main in BANK4

    None.

Critical Paths under _main in BANK5

    None.

Critical Paths under _main in BANK6

    None.

Critical Paths under _main in BANK7

    None.

Call Graph Tables:

 ---------------------------------------------------------------------------------
 (Depth) Function   	        Calls       Base Space   Used Autos Params    Refs
 ---------------------------------------------------------------------------------
 (0) _main                                                 9     9      0     135
                                              0 COMRAM     9     9      0
                           _initChip
 ---------------------------------------------------------------------------------
 (1) _initChip                                             0     0      0       0
 ---------------------------------------------------------------------------------
 Estimated maximum stack depth 1
 ---------------------------------------------------------------------------------

 Call Graph Graphs:

 _main (ROOT)
   _initChip

 Address spaces:
Name               Size   Autos  Total    Cost      Usage
BITCOMRAM           5F      0       0       0        0.0%
EEDATA             100      0       0       0        0.0%
NULL                 0      0       0       0        0.0%
CODE                 0      0       0       0        0.0%
COMRAM              5F      9       9       1        9.5%
STACK                0      0       0       2        0.0%
DATA                 0      0       0       3        0.0%
BITBANK0            A0      0       0       4        0.0%
BANK0               A0      0       0       5        0.0%
BITBANK1           100      0       0       6        0.0%
BANK1              100      0       0       7        0.0%
BITBANK2           100      0       0       8        0.0%
BANK2              100      0       0       9        0.0%
BITBANK3           100      0       0      10        0.0%
BANK3              100      0       0      11        0.0%
BITBANK4           100      0       0      12        0.0%
BANK4              100      0       0      13        0.0%
BITBANK5           100      0       0      14        0.0%
BANK5              100      0       0      15        0.0%
BITBANK6           100      0       0      16        0.0%
BANK6              100      0       0      17        0.0%
BITBANK7           100      0       0      18        0.0%
BANK7              100      0       0      19        0.0%
ABS                  0      0       0      20        0.0%
BIGRAM             7FF      0       0      21        0.0%
BITSFR               0      0       0      40        0.0%
SFR                  0      0       0      40        0.0%


Microchip Technology PIC18 Macro Assembler V1.33 build 59893 
Symbol Table                                                                                   Mon Oct 27 15:37:02 2014

                     l28 7FC0                       l29 7FBE                      l621 7FA0  
                    l627 7FAE                      l629 7FB2                      l649 7FFA  
            main@counter 0009                     _main 7F88                     start 0000  
                  ?_main 0001                    _CMCON 000FB4                    _PORTA 000F80  
                  _PORTB 000F81                    _PORTC 000F82                    _TRISA 000F92  
                  _TRISB 000F93                    _TRISC 000F94                    main@i 0001  
                  main@j 0003                    status 000FD8          __initialization 7F62  
           __end_of_main 8000                   ??_main 0001            __activetblptr 000000  
                 _ADCON1 000FC1         __end_of_initChip 7F88               __accesstop 0060  
__end_of__initialization 7F62           __pcstackCOMRAM 0001                ?_initChip 0001  
                __Hparam 0000                  __Lparam 0000                  __pcinit 7F62  
                __ramtop 0800                  __ptext0 7F88                  __ptext1 7F68  
   end_of_initialization 7F62               ??_initChip 0001                _PORTAbits 000F80  
    start_initialization 7F62        __size_of_initChip 0020                main@i_117 0005  
              main@j_118 0007                 __Hrparam 0000                 __Lrparam 0000  
               _initChip 7F68            __size_of_main 0078  
