

Microchip Technology PIC18 LITE Macro Assembler V1.33 build 59893 
                                                                                               Mon Oct 27 17:59:03 2014

Microchip Technology Omniscient Code Generator (Lite mode) build 59893
     1                           	processor	18F2550
     2                           	fnconf	rparam,??,?,0
     3                           	opt	pw 120
     4                           	opt	lm
     5                           	psect	text0,global,reloc=2,class=CODE,delta=1
     6                           	psect	cinit,global,reloc=2,class=CODE,delta=1
     7                           	psect	bssCOMRAM,global,class=COMRAM,space=1,delta=1
     8                           	psect	cstackCOMRAM,global,class=COMRAM,space=1,delta=1
     9                           	psect	text1,global,reloc=2,class=CODE,delta=1
    10                           	psect	intsave_regs,global,class=BIGRAM,space=1,delta=1
    11                           	psect	rparam,global,class=COMRAM,space=1,delta=1
    12  0000                     _ADCON1	set	4033
    13  0000                     _CCP2CON	set	4026
    14  0000                     _CCPR2L	set	4027
    15  0000                     _CMCON	set	4020
    16  0000                     _PORTA	set	3968
    17  0000                     _PORTB	set	3969
    18  0000                     _PORTC	set	3970
    19  0000                     _T2CON	set	4042
    20  0000                     _TRISA	set	3986
    21  0000                     _TRISB	set	3987
    22  0000                     _TRISC	set	3988
    23                           
    24                           ; 0 bytes @ 0x0
    25 ;;
    26 ;;Main: autosize = 0, tempsize = 0, incstack = 0, save=0
    27 ;;
    28 ;; *************** function _main *****************
    29 ;; Defined at:
    30 ;;		line 32 in file "PWM.c"
    31 ;; Parameters:    Size  Location     Type
    32 ;;		None
    33 ;; Auto vars:     Size  Location     Type
    34 ;;		None
    35 ;; Return value:  Size  Location     Type
    36 ;;		None               void
    37 ;; Registers used:
    38 ;;		wreg, status,2, cstack
    39 ;; Tracked objects:
    40 ;;		On entry : 0/0
    41 ;;		On exit  : 0/0
    42 ;;		Unchanged: 0/0
    43 ;; Data sizes:     COMRAM   BANK0   BANK1   BANK2   BANK3   BANK4   BANK5   BANK6   BANK7
    44 ;;      Params:         0       0       0       0       0       0       0       0       0
    45 ;;      Locals:         0       0       0       0       0       0       0       0       0
    46 ;;      Temps:          0       0       0       0       0       0       0       0       0
    47 ;;      Totals:         0       0       0       0       0       0       0       0       0
    48 ;;Total ram usage:        0 bytes
    49 ;; Hardware stack levels required when called:    1
    50 ;; This function calls:
    51 ;;		_initChip
    52 ;; This function is called by:
    53 ;;		Startup code after reset
    54 ;; This function uses a non-reentrant model
    55 ;;
    56                           
    57                           	psect	text0
    58  007FC8                     __ptext0:
    59                           	opt stack 0
    60  007FC8                     _main:
    61                           	opt stack 30
    62                           
    63                           ;PWM.c: 33: initChip();
    64                           
    65                           ;incstack = 0
    66  007FC8  ECE9  F03F         	call	_initChip	;wreg free
    67  007FCC                     l613:
    68                           
    69                           ;PWM.c: 35: {
    70                           ;PWM.c: 37: PORTB = counter ;
    71  007FCC  C001  FF81         	movff	_counter,3969	;volatile
    72  007FD0  D7FD               	goto	l613
    73  007FD2                     __end_of_main:
    74                           	opt stack 0
    75                           
    76                           	psect	cinit
    77  007FBE                     __pcinit:
    78                           	opt stack 0
    79  007FBE                     start_initialization:
    80                           	opt stack 0
    81  007FBE                     __initialization:
    82                           	opt stack 0
    83                           
    84                           ; Clear objects allocated to COMRAM (2 bytes)
    85  007FBE  6A02               	clrf	(__pbssCOMRAM+1)& (0+255),c
    86  007FC0  6A01               	clrf	__pbssCOMRAM& (0+255),c
    87  007FC2                     end_of_initialization:
    88                           	opt stack 0
    89  007FC2                     __end_of__initialization:
    90                           	opt stack 0
    91  007FC2  0100               	movlb	0
    92  007FC4  EFE4  F03F         	goto	_main	;jump to C main() function
    93                           
    94                           	psect	bssCOMRAM
    95  000001                     __pbssCOMRAM:
    96                           	opt stack 0
    97  000001                     _counter:
    98                           	opt stack 0
    99  000001                     	ds	2
   100                           
   101                           	psect	cstackCOMRAM
   102  000000                     __pcstackCOMRAM:
   103                           	opt stack 0
   104  000000                     
   105 ;; *************** function _initChip *****************
   106 ;; Defined at:
   107 ;;		line 16 in file "PWM.c"
   108 ;; Parameters:    Size  Location     Type
   109 ;;		None
   110 ;; Auto vars:     Size  Location     Type
   111 ;;		None
   112 ;; Return value:  Size  Location     Type
   113 ;;		None               void
   114 ;; Registers used:
   115 ;;		wreg, status,2
   116 ;; Tracked objects:
   117 ;;		On entry : 0/0
   118 ;;		On exit  : 0/0
   119 ;;		Unchanged: 0/0
   120 ;; Data sizes:     COMRAM   BANK0   BANK1   BANK2   BANK3   BANK4   BANK5   BANK6   BANK7
   121 ;;      Params:         0       0       0       0       0       0       0       0       0
   122 ;;      Locals:         0       0       0       0       0       0       0       0       0
   123 ;;      Temps:          0       0       0       0       0       0       0       0       0
   124 ;;      Totals:         0       0       0       0       0       0       0       0       0
   125 ;;Total ram usage:        0 bytes
   126 ;; Hardware stack levels used:    1
   127 ;; This function calls:
   128 ;;		Nothing
   129 ;; This function is called by:
   130 ;;		_main
   131 ;; This function uses a non-reentrant model
   132 ;;
   133                           
   134                           	psect	text1
   135  007FD2                     __ptext1:
   136                           	opt stack 0
   137  007FD2                     _initChip:
   138                           	opt stack 30
   139                           
   140                           ;PWM.c: 17: PORTA = 0x00;
   141                           
   142                           ;incstack = 0
   143  007FD2  0E00               	movlw	0
   144  007FD4  6E80               	movwf	3968,c	;volatile
   145                           
   146                           ;PWM.c: 18: TRISA = 0x00;
   147  007FD6  0E00               	movlw	0
   148  007FD8  6E92               	movwf	3986,c	;volatile
   149                           
   150                           ;PWM.c: 19: ADCON1 =0x0F;
   151  007FDA  0E0F               	movlw	15
   152  007FDC  6EC1               	movwf	4033,c	;volatile
   153                           
   154                           ;PWM.c: 20: CMCON = 0x07;
   155  007FDE  0E07               	movlw	7
   156  007FE0  6EB4               	movwf	4020,c	;volatile
   157                           
   158                           ;PWM.c: 21: PORTB = 0x00;
   159  007FE2  0E00               	movlw	0
   160  007FE4  6E81               	movwf	3969,c	;volatile
   161                           
   162                           ;PWM.c: 22: TRISB = 0x00;
   163  007FE6  0E00               	movlw	0
   164  007FE8  6E93               	movwf	3987,c	;volatile
   165                           
   166                           ;PWM.c: 23: PORTC = 0x00;
   167  007FEA  0E00               	movlw	0
   168  007FEC  6E82               	movwf	3970,c	;volatile
   169                           
   170                           ;PWM.c: 24: TRISC = 0x00;
   171  007FEE  0E00               	movlw	0
   172  007FF0  6E94               	movwf	3988,c	;volatile
   173                           
   174                           ;PWM.c: 25: T2CON = 0x07;
   175  007FF2  0E07               	movlw	7
   176  007FF4  6ECA               	movwf	4042,c	;volatile
   177                           
   178                           ;PWM.c: 26: CCP2CON = 0x0F;
   179  007FF6  0E0F               	movlw	15
   180  007FF8  6EBA               	movwf	4026,c	;volatile
   181                           
   182                           ;PWM.c: 27: CCPR2L = 0x80;
   183  007FFA  0E80               	movlw	128
   184  007FFC  6EBB               	movwf	4027,c	;volatile
   185  007FFE  0012               	return	
   186  008000                     __end_of_initChip:
   187                           	opt stack 0
   188  0000                     
   189                           	psect	rparam


Data Sizes:
    Strings     0
    Constant    0
    Data        0
    BSS         2
    Persistent  0
    Stack       0

Auto Spaces:
    Space          Size  Autos    Used
    COMRAM           95      0       2
    BANK0           160      0       0
    BANK1           256      0       0
    BANK2           256      0       0
    BANK3           256      0       0
    BANK4           256      0       0
    BANK5           256      0       0
    BANK6           256      0       0
    BANK7           256      0       0

Pointer List with Targets:

    None.

Critical Paths under _main in COMRAM

    None.

Critical Paths under _main in BANK0

    None.

Critical Paths under _main in BANK1

    None.

Critical Paths under _main in BANK2

    None.

Critical Paths under _main in BANK3

    None.

Critical Paths under _main in BANK4

    None.

Critical Paths under _main in BANK5

    None.

Critical Paths under _main in BANK6

    None.

Critical Paths under _main in BANK7

    None.

Call Graph Tables:

 ---------------------------------------------------------------------------------
 (Depth) Function   	        Calls       Base Space   Used Autos Params    Refs
 ---------------------------------------------------------------------------------
 (0) _main                                                 0     0      0       0
                           _initChip
 ---------------------------------------------------------------------------------
 (1) _initChip                                             0     0      0       0
 ---------------------------------------------------------------------------------
 Estimated maximum stack depth 1
 ---------------------------------------------------------------------------------

 Call Graph Graphs:

 _main (ROOT)
   _initChip

 Address spaces:
Name               Size   Autos  Total    Cost      Usage
BIGRAM             7FF      0       0      21        0.0%
EEDATA             100      0       0       0        0.0%
BITBANK7           100      0       0      18        0.0%
BANK7              100      0       0      19        0.0%
BITBANK6           100      0       0      16        0.0%
BANK6              100      0       0      17        0.0%
BITBANK5           100      0       0      14        0.0%
BANK5              100      0       0      15        0.0%
BITBANK4           100      0       0      12        0.0%
BANK4              100      0       0      13        0.0%
BITBANK3           100      0       0      10        0.0%
BANK3              100      0       0      11        0.0%
BITBANK2           100      0       0       8        0.0%
BANK2              100      0       0       9        0.0%
BITBANK1           100      0       0       6        0.0%
BANK1              100      0       0       7        0.0%
BITBANK0            A0      0       0       4        0.0%
BANK0               A0      0       0       5        0.0%
BITCOMRAM           5F      0       0       0        0.0%
COMRAM              5F      0       2       1        2.1%
BITSFR               0      0       0      40        0.0%
SFR                  0      0       0      40        0.0%
STACK                0      0       0       2        0.0%
NULL                 0      0       0       0        0.0%
ABS                  0      0       2      20        0.0%
DATA                 0      0       2       3        0.0%
CODE                 0      0       0       0        0.0%


Microchip Technology PIC18 Macro Assembler V1.33 build 59893 
Symbol Table                                                                                   Mon Oct 27 17:59:03 2014

                    l613 7FCC                     _main 7FC8                     start 0000  
                  ?_main 0000                    _CMCON 000FB4                    _T2CON 000FCA  
                  _PORTA 000F80                    _PORTB 000F81                    _PORTC 000F82  
                  _TRISA 000F92                    _TRISB 000F93                    _TRISC 000F94  
        __initialization 7FBE             __end_of_main 7FD2                   ??_main 0000  
          __activetblptr 000000                   _ADCON1 000FC1                   _CCPR2L 000FBB  
       __end_of_initChip 8000               __accesstop 0060  __end_of__initialization 7FC2  
         __pcstackCOMRAM 0000                  _CCP2CON 000FBA                ?_initChip 0000  
                __Hparam 0000                  __Lparam 0000                  __pcinit 7FBE  
                __ramtop 0800                  __ptext0 7FC8                  __ptext1 7FD2  
                _counter 0001     end_of_initialization 7FC2               ??_initChip 0000  
    start_initialization 7FBE              __pbssCOMRAM 0001        __size_of_initChip 002E  
               __Hrparam 0000                 __Lrparam 0000                 _initChip 7FD2  
          __size_of_main 000A  
