

Microchip Technology PIC18 LITE Macro Assembler V1.33 build 59893 
                                                                                               Mon Oct 13 15:51:22 2014

Microchip Technology Omniscient Code Generator (Lite mode) build 59893
     1                           	processor	18F2550
     2                           	fnconf	rparam,??,?,0
     3                           	opt	pw 120
     4                           	opt	lm
     5                           	psect	text0,global,reloc=2,class=CODE,delta=1
     6                           	psect	cinit,global,reloc=2,class=CODE,delta=1
     7                           	psect	cstackCOMRAM,global,class=COMRAM,space=1,delta=1
     8                           	psect	text1,global,reloc=2,class=CODE,delta=1
     9                           	psect	intsave_regs,global,class=BIGRAM,space=1,delta=1
    10                           	psect	rparam,global,class=COMRAM,space=1,delta=1
    11  0000                     _ADCON1	set	4033
    12  0000                     _CMCON	set	4020
    13  0000                     _PORTA	set	3968
    14  0000                     _PORTAbits	set	3968
    15  0000                     _PORTB	set	3969
    16  0000                     _PORTC	set	3970
    17  0000                     _TRISA	set	3986
    18  0000                     _TRISB	set	3987
    19  0000                     _TRISC	set	3988
    20                           
    21 ;;
    22 ;;Main: autosize = 0, tempsize = 0, incstack = 0, save=0
    23 ;;
    24 ;; *************** function _main *****************
    25 ;; Defined at:
    26 ;;		line 14 in file "main.c"
    27 ;; Parameters:    Size  Location     Type
    28 ;;		None
    29 ;; Auto vars:     Size  Location     Type
    30 ;;  i               2    2[COMRAM] int 
    31 ;;  i               2    0[COMRAM] int 
    32 ;;  counter         1    4[COMRAM] unsigned char 
    33 ;; Return value:  Size  Location     Type
    34 ;;		None               void
    35 ;; Registers used:
    36 ;;		wreg, status,2, status,0, cstack
    37 ;; Tracked objects:
    38 ;;		On entry : 0/0
    39 ;;		On exit  : 0/0
    40 ;;		Unchanged: 0/0
    41 ;; Data sizes:     COMRAM   BANK0   BANK1   BANK2   BANK3   BANK4   BANK5   BANK6   BANK7
    42 ;;      Params:         0       0       0       0       0       0       0       0       0
    43 ;;      Locals:         5       0       0       0       0       0       0       0       0
    44 ;;      Temps:          0       0       0       0       0       0       0       0       0
    45 ;;      Totals:         5       0       0       0       0       0       0       0       0
    46 ;;Total ram usage:        5 bytes
    47 ;; Hardware stack levels required when called:    1
    48 ;; This function calls:
    49 ;;		_initChip
    50 ;; This function is called by:
    51 ;;		Startup code after reset
    52 ;; This function uses a non-reentrant model
    53 ;;
    54                           
    55                           	psect	text0
    56  007FAE                     __ptext0:
    57                           	opt stack 0
    58  007FAE                     _main:
    59                           	opt stack 30
    60                           
    61                           ;main.c: 15: int i = 0;
    62                           
    63                           ;incstack = 0
    64  007FAE  0E00               	movlw	0
    65  007FB0  6E02               	movwf	main@i+1,c
    66  007FB2  0E00               	movlw	0
    67  007FB4  6E01               	movwf	main@i,c
    68                           
    69                           ;main.c: 16: unsigned char counter = 0;
    70  007FB6  0E00               	movlw	0
    71  007FB8  6E05               	movwf	main@counter,c
    72                           
    73                           ;main.c: 17: initChip();
    74  007FBA  ECC7  F03F         	call	_initChip	;wreg free
    75  007FBE                     l619:
    76                           
    77                           ;main.c: 19: if (PORTAbits.RA0 == 1)
    78  007FBE  A080               	btfss	3968,0,c	;volatile
    79  007FC0  D007               	goto	l627
    80                           
    81                           ;main.c: 20: {
    82                           ;main.c: 21: if (counter <255)
    83  007FC2  2805               	incf	main@counter,w,c
    84  007FC4  B4D8               	btfsc	status,2,c
    85  007FC6  D002               	goto	l625
    86                           
    87                           ;main.c: 22: counter = counter + 1;
    88  007FC8  2805               	incf	main@counter,w,c
    89  007FCA  D006               	goto	L2
    90  007FCC                     l625:
    91                           
    92                           ;main.c: 24: else
    93                           ;main.c: 25: counter = 0;
    94  007FCC  0E00               	movlw	0
    95  007FCE  D004               	goto	L2
    96  007FD0                     l627:
    97                           
    98                           ;main.c: 28: else
    99                           ;main.c: 29: {
   100                           ;main.c: 30: if (counter > 0)
   101  007FD0  5005               	movf	main@counter,w,c
   102  007FD2  B4D8               	btfsc	status,2,c
   103  007FD4  D003               	goto	l29
   104                           
   105                           ;main.c: 31: counter = counter -1;
   106  007FD6  0405               	decf	main@counter,w,c
   107  007FD8                     L2:
   108  007FD8  6E05               	movwf	main@counter,c
   109  007FDA  D001               	goto	l28
   110  007FDC                     l29:
   111                           
   112                           ;main.c: 33: else
   113                           ;main.c: 34: counter = 255;
   114  007FDC  6805               	setf	main@counter,c
   115  007FDE                     l28:
   116                           
   117                           ;main.c: 35: }
   118                           ;main.c: 37: PORTB = counter;
   119  007FDE  C005  FF81         	movff	main@counter,3969	;volatile
   120                           
   121                           ;main.c: 38: for(int i = 0; i <10; i++);
   122  007FE2  0E00               	movlw	0
   123  007FE4  6E04               	movwf	main@i_116+1,c
   124  007FE6  0E00               	movlw	0
   125  007FE8  6E03               	movwf	main@i_116,c
   126  007FEA  5004               	movf	main@i_116+1,w,c
   127  007FEC  0A80               	xorlw	128
   128  007FEE  0F80               	addlw	-128
   129  007FF0  0E0A               	movlw	10
   130  007FF2  B4D8               	btfsc	status,2,c
   131  007FF4  5C03               	subwf	main@i_116,w,c
   132  007FF6  B0D8               	btfsc	status,0,c
   133  007FF8  D7E2               	goto	l619
   134  007FFA  4A03               	infsnz	main@i_116,f,c
   135  007FFC  2A04               	incf	main@i_116+1,f,c
   136  007FFE  D7F5               	goto	L3
   137  008000                     __end_of_main:
   138                           	opt stack 0
   139                           status	equ	0xFD8
   140                           
   141                           	psect	cinit
   142  007F88                     __pcinit:
   143                           	opt stack 0
   144  007F88                     start_initialization:
   145                           	opt stack 0
   146  007F88                     __initialization:
   147                           	opt stack 0
   148  007F88                     end_of_initialization:
   149                           	opt stack 0
   150  007F88                     __end_of__initialization:
   151                           	opt stack 0
   152  007F88  0100               	movlb	0
   153  007F8A  EFD7  F03F         	goto	_main	;jump to C main() function
   154                           status	equ	0xFD8
   155                           
   156                           	psect	cstackCOMRAM
   157  000001                     __pcstackCOMRAM:
   158                           	opt stack 0
   159  000001                     main@i:
   160                           	opt stack 0
   161                           
   162                           ; 2 bytes @ 0x0
   163  000001                     	ds	2
   164  000003                     main@i_116:
   165                           	opt stack 0
   166                           
   167                           ; 2 bytes @ 0x2
   168  000003                     	ds	2
   169  000005                     main@counter:
   170                           	opt stack 0
   171                           
   172                           ; 1 bytes @ 0x4
   173  000005                     	ds	1
   174                           status	equ	0xFD8
   175                           
   176 ;; *************** function _initChip *****************
   177 ;; Defined at:
   178 ;;		line 4 in file "main.c"
   179 ;; Parameters:    Size  Location     Type
   180 ;;		None
   181 ;; Auto vars:     Size  Location     Type
   182 ;;		None
   183 ;; Return value:  Size  Location     Type
   184 ;;		None               void
   185 ;; Registers used:
   186 ;;		wreg, status,2
   187 ;; Tracked objects:
   188 ;;		On entry : 0/0
   189 ;;		On exit  : 0/0
   190 ;;		Unchanged: 0/0
   191 ;; Data sizes:     COMRAM   BANK0   BANK1   BANK2   BANK3   BANK4   BANK5   BANK6   BANK7
   192 ;;      Params:         0       0       0       0       0       0       0       0       0
   193 ;;      Locals:         0       0       0       0       0       0       0       0       0
   194 ;;      Temps:          0       0       0       0       0       0       0       0       0
   195 ;;      Totals:         0       0       0       0       0       0       0       0       0
   196 ;;Total ram usage:        0 bytes
   197 ;; Hardware stack levels used:    1
   198 ;; This function calls:
   199 ;;		Nothing
   200 ;; This function is called by:
   201 ;;		_main
   202 ;; This function uses a non-reentrant model
   203 ;;
   204                           
   205                           	psect	text1
   206  007F8E                     __ptext1:
   207                           	opt stack 0
   208  007F8E                     _initChip:
   209                           	opt stack 30
   210                           
   211                           ;main.c: 5: PORTA = 0x00;
   212                           
   213                           ;incstack = 0
   214  007F8E  0E00               	movlw	0
   215  007F90  6E80               	movwf	3968,c	;volatile
   216                           
   217                           ;main.c: 6: TRISA = 0xff;
   218  007F92  6892               	setf	3986,c	;volatile
   219                           
   220                           ;main.c: 7: ADCON1 = 0x0f;
   221  007F94  0E0F               	movlw	15
   222  007F96  6EC1               	movwf	4033,c	;volatile
   223                           
   224                           ;main.c: 8: CMCON = 0x07;
   225  007F98  0E07               	movlw	7
   226  007F9A  6EB4               	movwf	4020,c	;volatile
   227                           
   228                           ;main.c: 9: PORTB = 0x00;
   229  007F9C  0E00               	movlw	0
   230  007F9E  6E81               	movwf	3969,c	;volatile
   231                           
   232                           ;main.c: 10: TRISB = 0x00;
   233  007FA0  0E00               	movlw	0
   234  007FA2  6E93               	movwf	3987,c	;volatile
   235                           
   236                           ;main.c: 11: PORTC = 0x00;
   237  007FA4  0E00               	movlw	0
   238  007FA6  6E82               	movwf	3970,c	;volatile
   239                           
   240                           ;main.c: 12: TRISC = 0x00;
   241  007FA8  0E00               	movlw	0
   242  007FAA  6E94               	movwf	3988,c	;volatile
   243  007FAC  0012               	return	
   244  007FAE                     __end_of_initChip:
   245                           	opt stack 0
   246  0000                     status	equ	0xFD8
   247                           status	equ	0xFD8
   248                           
   249                           	psect	rparam
   250  0000                     status	equ	0xFD8


Data Sizes:
    Strings     0
    Constant    0
    Data        0
    BSS         0
    Persistent  0
    Stack       0

Auto Spaces:
    Space          Size  Autos    Used
    COMRAM           95      5       5
    BANK0           160      0       0
    BANK1           256      0       0
    BANK2           256      0       0
    BANK3           256      0       0
    BANK4           256      0       0
    BANK5           256      0       0
    BANK6           256      0       0
    BANK7           256      0       0

Pointer List with Targets:

    None.

Critical Paths under _main in COMRAM

    None.

Critical Paths under _main in BANK0

    None.

Critical Paths under _main in BANK1

    None.

Critical Paths under _main in BANK2

    None.

Critical Paths under _main in BANK3

    None.

Critical Paths under _main in BANK4

    None.

Critical Paths under _main in BANK5

    None.

Critical Paths under _main in BANK6

    None.

Critical Paths under _main in BANK7

    None.

Call Graph Tables:

 ---------------------------------------------------------------------------------
 (Depth) Function   	        Calls       Base Space   Used Autos Params    Refs
 ---------------------------------------------------------------------------------
 (0) _main                                                 5     5      0     105
                                              0 COMRAM     5     5      0
                           _initChip
 ---------------------------------------------------------------------------------
 (1) _initChip                                             0     0      0       0
 ---------------------------------------------------------------------------------
 Estimated maximum stack depth 1
 ---------------------------------------------------------------------------------

 Call Graph Graphs:

 _main (ROOT)
   _initChip

 Address spaces:
Name               Size   Autos  Total    Cost      Usage
BITCOMRAM           5F      0       0       0        0.0%
EEDATA             100      0       0       0        0.0%
NULL                 0      0       0       0        0.0%
CODE                 0      0       0       0        0.0%
COMRAM              5F      5       5       1        5.3%
STACK                0      0       0       2        0.0%
DATA                 0      0       0       3        0.0%
BITBANK0            A0      0       0       4        0.0%
BANK0               A0      0       0       5        0.0%
BITBANK1           100      0       0       6        0.0%
BANK1              100      0       0       7        0.0%
BITBANK2           100      0       0       8        0.0%
BANK2              100      0       0       9        0.0%
BITBANK3           100      0       0      10        0.0%
BANK3              100      0       0      11        0.0%
BITBANK4           100      0       0      12        0.0%
BANK4              100      0       0      13        0.0%
BITBANK5           100      0       0      14        0.0%
BANK5              100      0       0      15        0.0%
BITBANK6           100      0       0      16        0.0%
BANK6              100      0       0      17        0.0%
BITBANK7           100      0       0      18        0.0%
BANK7              100      0       0      19        0.0%
ABS                  0      0       0      20        0.0%
BIGRAM             7FF      0       0      21        0.0%
BITSFR               0      0       0      40        0.0%
SFR                  0      0       0      40        0.0%


Microchip Technology PIC18 Macro Assembler V1.33 build 59893 
Symbol Table                                                                                   Mon Oct 13 15:51:22 2014

                     l28 7FDE                       l29 7FDC                      l625 7FCC  
                    l627 7FD0                      l619 7FBE              main@counter 0005  
                   _main 7FAE                     start 0000                    ?_main 0001  
                  _CMCON 000FB4                    _PORTA 000F80                    _PORTB 000F81  
                  _PORTC 000F82                    _TRISA 000F92                    _TRISB 000F93  
                  _TRISC 000F94                    main@i 0001                    status 000FD8  
        __initialization 7F88             __end_of_main 8000                   ??_main 0001  
          __activetblptr 000000                   _ADCON1 000FC1         __end_of_initChip 7FAE  
             __accesstop 0060  __end_of__initialization 7F88           __pcstackCOMRAM 0001  
              ?_initChip 0001                  __Hparam 0000                  __Lparam 0000  
                __pcinit 7F88                  __ramtop 0800                  __ptext0 7FAE  
                __ptext1 7F8E     end_of_initialization 7F88               ??_initChip 0001  
              _PORTAbits 000F80      start_initialization 7F88        __size_of_initChip 0020  
              main@i_116 0003                 __Hrparam 0000                 __Lrparam 0000  
               _initChip 7F8E            __size_of_main 0052  
